{"meta": {"format": 3, "version": "7.13.0", "timestamp": "2025-12-09T17:27:50.315939", "branch_coverage": false, "show_contexts": false}, "files": {"src/__init__.py": {"executed_lines": [0], "summary": {"covered_lines": 0, "num_statements": 0, "percent_covered": 100.0, "percent_covered_display": "100.00", "missing_lines": 0, "excluded_lines": 0, "percent_statements_covered": 100.0, "percent_statements_covered_display": "100.00"}, "missing_lines": [], "excluded_lines": [], "functions": {"": {"executed_lines": [], "summary": {"covered_lines": 0, "num_statements": 0, "percent_covered": 100.0, "percent_covered_display": "100.00", "missing_lines": 0, "excluded_lines": 0, "percent_statements_covered": 100.0, "percent_statements_covered_display": "100.00"}, "missing_lines": [], "excluded_lines": []}}, "classes": {"": {"executed_lines": [], "summary": {"covered_lines": 0, "num_statements": 0, "percent_covered": 100.0, "percent_covered_display": "100.00", "missing_lines": 0, "excluded_lines": 0, "percent_statements_covered": 100.0, "percent_statements_covered_display": "100.00"}, "missing_lines": [], "excluded_lines": []}}}, "src/config/__init__.py": {"executed_lines": [0], "summary": {"covered_lines": 0, "num_statements": 0, "percent_covered": 100.0, "percent_covered_display": "100.00", "missing_lines": 0, "excluded_lines": 0, "percent_statements_covered": 100.0, "percent_statements_covered_display": "100.00"}, "missing_lines": [], "excluded_lines": [], "functions": {"": {"executed_lines": [], "summary": {"covered_lines": 0, "num_statements": 0, "percent_covered": 100.0, "percent_covered_display": "100.00", "missing_lines": 0, "excluded_lines": 0, "percent_statements_covered": 100.0, "percent_statements_covered_display": "100.00"}, "missing_lines": [], "excluded_lines": []}}, "classes": {"": {"executed_lines": [], "summary": {"covered_lines": 0, "num_statements": 0, "percent_covered": 100.0, "percent_covered_display": "100.00", "missing_lines": 0, "excluded_lines": 0, "percent_statements_covered": 100.0, "percent_statements_covered_display": "100.00"}, "missing_lines": [], "excluded_lines": []}}}, "src/config/iotdb_config.py": {"executed_lines": [1, 2, 3, 5, 8, 9, 10, 11, 12, 13, 16, 17, 20, 22, 24, 26, 27, 34, 35, 38, 45, 47, 50, 52, 54, 56, 58, 60, 61, 63, 68, 70, 71, 76, 80, 91], "summary": {"covered_lines": 36, "num_statements": 53, "percent_covered": 67.9245283018868, "percent_covered_display": "67.92", "missing_lines": 17, "excluded_lines": 0, "percent_statements_covered": 67.9245283018868, "percent_statements_covered_display": "67.92"}, "missing_lines": [40, 41, 42, 43, 48, 53, 64, 65, 66, 74, 78, 82, 83, 84, 85, 86, 87], "excluded_lines": [], "functions": {"IoTDBConfig.__init__": {"executed_lines": [10, 11, 12, 13, 16, 17, 20, 22], "summary": {"covered_lines": 8, "num_statements": 8, "percent_covered": 100.0, "percent_covered_display": "100.00", "missing_lines": 0, "excluded_lines": 0, "percent_statements_covered": 100.0, "percent_statements_covered_display": "100.00"}, "missing_lines": [], "excluded_lines": []}, "IoTDBConfig._initialize_session": {"executed_lines": [26, 27, 34, 35, 38], "summary": {"covered_lines": 5, "num_statements": 9, "percent_covered": 55.55555555555556, "percent_covered_display": "55.56", "missing_lines": 4, "excluded_lines": 0, "percent_statements_covered": 55.55555555555556, "percent_statements_covered_display": "55.56"}, "missing_lines": [40, 41, 42, 43], "excluded_lines": []}, "IoTDBConfig._ensure_database_exists": {"executed_lines": [47, 50, 52, 54, 56], "summary": {"covered_lines": 5, "num_statements": 7, "percent_covered": 71.42857142857143, "percent_covered_display": "71.43", "missing_lines": 2, "excluded_lines": 0, "percent_statements_covered": 71.42857142857143, "percent_statements_covered_display": "71.43"}, "missing_lines": [48, 53], "excluded_lines": []}, "IoTDBConfig.is_connected": {"executed_lines": [60, 61, 63], "summary": {"covered_lines": 3, "num_statements": 6, "percent_covered": 50.0, "percent_covered_display": "50.00", "missing_lines": 3, "excluded_lines": 0, "percent_statements_covered": 50.0, "percent_statements_covered_display": "50.00"}, "missing_lines": [64, 65, 66], "excluded_lines": []}, "IoTDBConfig.get_device_path": {"executed_lines": [70, 71], "summary": {"covered_lines": 2, "num_statements": 3, "percent_covered": 66.66666666666667, "percent_covered_display": "66.67", "missing_lines": 1, "excluded_lines": 0, "percent_statements_covered": 66.66666666666667, "percent_statements_covered_display": "66.67"}, "missing_lines": [74], "excluded_lines": []}, "IoTDBConfig.get_user_devices_path": {"executed_lines": [], "summary": {"covered_lines": 0, "num_statements": 1, "percent_covered": 0.0, "percent_covered_display": "0.00", "missing_lines": 1, "excluded_lines": 0, "percent_statements_covered": 0.0, "percent_statements_covered_display": "0.00"}, "missing_lines": [78], "excluded_lines": []}, "IoTDBConfig.close": {"executed_lines": [], "summary": {"covered_lines": 0, "num_statements": 6, "percent_covered": 0.0, "percent_covered_display": "0.00", "missing_lines": 6, "excluded_lines": 0, "percent_statements_covered": 0.0, "percent_statements_covered_display": "0.00"}, "missing_lines": [82, 83, 84, 85, 86, 87], "excluded_lines": []}, "": {"executed_lines": [1, 2, 3, 5, 8, 9, 24, 45, 58, 68, 76, 80, 91], "summary": {"covered_lines": 13, "num_statements": 13, "percent_covered": 100.0, "percent_covered_display": "100.00", "missing_lines": 0, "excluded_lines": 0, "percent_statements_covered": 100.0, "percent_statements_covered_display": "100.00"}, "missing_lines": [], "excluded_lines": []}}, "classes": {"IoTDBConfig": {"executed_lines": [10, 11, 12, 13, 16, 17, 20, 22, 26, 27, 34, 35, 38, 47, 50, 52, 54, 56, 60, 61, 63, 70, 71], "summary": {"covered_lines": 23, "num_statements": 40, "percent_covered": 57.5, "percent_covered_display": "57.50", "missing_lines": 17, "excluded_lines": 0, "percent_statements_covered": 57.5, "percent_statements_covered_display": "57.50"}, "missing_lines": [40, 41, 42, 43, 48, 53, 64, 65, 66, 74, 78, 82, 83, 84, 85, 86, 87], "excluded_lines": []}, "": {"executed_lines": [1, 2, 3, 5, 8, 9, 24, 45, 58, 68, 76, 80, 91], "summary": {"covered_lines": 13, "num_statements": 13, "percent_covered": 100.0, "percent_covered_display": "100.00", "missing_lines": 0, "excluded_lines": 0, "percent_statements_covered": 100.0, "percent_statements_covered_display": "100.00"}, "missing_lines": [], "excluded_lines": []}}}, "src/metrics.py": {"executed_lines": [1, 4, 5, 10, 13], "summary": {"covered_lines": 5, "num_statements": 5, "percent_covered": 100.0, "percent_covered_display": "100.00", "missing_lines": 0, "excluded_lines": 0, "percent_statements_covered": 100.0, "percent_statements_covered_display": "100.00"}, "missing_lines": [], "excluded_lines": [], "functions": {"": {"executed_lines": [1, 4, 5, 10, 13], "summary": {"covered_lines": 5, "num_statements": 5, "percent_covered": 100.0, "percent_covered_display": "100.00", "missing_lines": 0, "excluded_lines": 0, "percent_statements_covered": 100.0, "percent_statements_covered_display": "100.00"}, "missing_lines": [], "excluded_lines": []}}, "classes": {"": {"executed_lines": [1, 4, 5, 10, 13], "summary": {"covered_lines": 5, "num_statements": 5, "percent_covered": 100.0, "percent_covered_display": "100.00", "missing_lines": 0, "excluded_lines": 0, "percent_statements_covered": 100.0, "percent_statements_covered_display": "100.00"}, "missing_lines": [], "excluded_lines": []}}}, "src/middleware/__init__.py": {"executed_lines": [0], "summary": {"covered_lines": 0, "num_statements": 0, "percent_covered": 100.0, "percent_covered_display": "100.00", "missing_lines": 0, "excluded_lines": 0, "percent_statements_covered": 100.0, "percent_statements_covered_display": "100.00"}, "missing_lines": [], "excluded_lines": [], "functions": {"": {"executed_lines": [], "summary": {"covered_lines": 0, "num_statements": 0, "percent_covered": 100.0, "percent_covered_display": "100.00", "missing_lines": 0, "excluded_lines": 0, "percent_statements_covered": 100.0, "percent_statements_covered_display": "100.00"}, "missing_lines": [], "excluded_lines": []}}, "classes": {"": {"executed_lines": [], "summary": {"covered_lines": 0, "num_statements": 0, "percent_covered": 100.0, "percent_covered_display": "100.00", "missing_lines": 0, "excluded_lines": 0, "percent_statements_covered": 100.0, "percent_statements_covered_display": "100.00"}, "missing_lines": [], "excluded_lines": []}}}, "src/middleware/auth.py": {"executed_lines": [1, 2, 3, 4, 5, 6, 9, 14, 17, 18, 20, 22, 23, 34, 36, 37, 38, 48, 60, 63, 65, 67, 70, 73, 74, 75, 76, 80, 81, 84, 86, 87, 89, 91, 130, 131, 133, 135, 136, 138, 140, 143, 146, 147, 148, 149, 160, 161, 172, 173, 174, 175, 185, 186, 188, 190, 193, 218, 221, 224, 225, 226, 227, 228, 229, 230, 232, 234], "summary": {"covered_lines": 68, "num_statements": 101, "percent_covered": 67.32673267326733, "percent_covered_display": "67.33", "missing_lines": 33, "excluded_lines": 0, "percent_statements_covered": 67.32673267326733, "percent_statements_covered_display": "67.33"}, "missing_lines": [11, 49, 77, 92, 95, 96, 98, 100, 101, 115, 116, 117, 118, 121, 122, 123, 124, 125, 127, 150, 162, 196, 197, 198, 199, 202, 205, 208, 209, 211, 213, 215, 231], "excluded_lines": [], "functions": {"hash_api_key": {"executed_lines": [], "summary": {"covered_lines": 0, "num_statements": 1, "percent_covered": 0.0, "percent_covered_display": "0.00", "missing_lines": 1, "excluded_lines": 0, "percent_statements_covered": 0.0, "percent_statements_covered_display": "0.00"}, "missing_lines": [11], "excluded_lines": []}, "authenticate_device": {"executed_lines": [17, 18, 67], "summary": {"covered_lines": 3, "num_statements": 3, "percent_covered": 100.0, "percent_covered_display": "100.00", "missing_lines": 0, "excluded_lines": 0, "percent_statements_covered": 100.0, "percent_statements_covered_display": "100.00"}, "missing_lines": [], "excluded_lines": []}, "authenticate_device.decorated_function": {"executed_lines": [20, 22, 23, 34, 36, 37, 38, 48, 60, 63, 65], "summary": {"covered_lines": 11, "num_statements": 12, "percent_covered": 91.66666666666667, "percent_covered_display": "91.67", "missing_lines": 1, "excluded_lines": 0, "percent_statements_covered": 91.66666666666667, "percent_statements_covered_display": "91.67"}, "missing_lines": [49], "excluded_lines": []}, "rate_limit_device": {"executed_lines": [73, 74, 140], "summary": {"covered_lines": 3, "num_statements": 3, "percent_covered": 100.0, "percent_covered_display": "100.00", "missing_lines": 0, "excluded_lines": 0, "percent_statements_covered": 100.0, "percent_statements_covered_display": "100.00"}, "missing_lines": [], "excluded_lines": []}, "rate_limit_device.decorator": {"executed_lines": [75, 138], "summary": {"covered_lines": 2, "num_statements": 2, "percent_covered": 100.0, "percent_covered_display": "100.00", "missing_lines": 0, "excluded_lines": 0, "percent_statements_covered": 100.0, "percent_statements_covered_display": "100.00"}, "missing_lines": [], "excluded_lines": []}, "rate_limit_device.decorator.decorated_function": {"executed_lines": [76, 80, 81, 84, 86, 87, 89, 91, 130, 131, 133, 135, 136], "summary": {"covered_lines": 13, "num_statements": 30, "percent_covered": 43.333333333333336, "percent_covered_display": "43.33", "missing_lines": 17, "excluded_lines": 0, "percent_statements_covered": 43.333333333333336, "percent_statements_covered_display": "43.33"}, "missing_lines": [77, 92, 95, 96, 98, 100, 101, 115, 116, 117, 118, 121, 122, 123, 124, 125, 127], "excluded_lines": []}, "validate_json_payload": {"executed_lines": [146, 147, 190], "summary": {"covered_lines": 3, "num_statements": 3, "percent_covered": 100.0, "percent_covered_display": "100.00", "missing_lines": 0, "excluded_lines": 0, "percent_statements_covered": 100.0, "percent_statements_covered_display": "100.00"}, "missing_lines": [], "excluded_lines": []}, "validate_json_payload.decorator": {"executed_lines": [148, 188], "summary": {"covered_lines": 2, "num_statements": 2, "percent_covered": 100.0, "percent_covered_display": "100.00", "missing_lines": 0, "excluded_lines": 0, "percent_statements_covered": 100.0, "percent_statements_covered_display": "100.00"}, "missing_lines": [], "excluded_lines": []}, "validate_json_payload.decorator.decorated_function": {"executed_lines": [149, 160, 161, 172, 173, 174, 175, 185, 186], "summary": {"covered_lines": 9, "num_statements": 11, "percent_covered": 81.81818181818181, "percent_covered_display": "81.82", "missing_lines": 2, "excluded_lines": 0, "percent_statements_covered": 81.81818181818181, "percent_statements_covered_display": "81.82"}, "missing_lines": [150, 162], "excluded_lines": []}, "log_request_middleware": {"executed_lines": [], "summary": {"covered_lines": 0, "num_statements": 3, "percent_covered": 0.0, "percent_covered_display": "0.00", "missing_lines": 3, "excluded_lines": 0, "percent_statements_covered": 0.0, "percent_statements_covered_display": "0.00"}, "missing_lines": [196, 197, 215], "excluded_lines": []}, "log_request_middleware.middleware": {"executed_lines": [], "summary": {"covered_lines": 0, "num_statements": 2, "percent_covered": 0.0, "percent_covered_display": "0.00", "missing_lines": 2, "excluded_lines": 0, "percent_statements_covered": 0.0, "percent_statements_covered_display": "0.00"}, "missing_lines": [198, 213], "excluded_lines": []}, "log_request_middleware.middleware.decorated_function": {"executed_lines": [], "summary": {"covered_lines": 0, "num_statements": 6, "percent_covered": 0.0, "percent_covered_display": "0.00", "missing_lines": 6, "excluded_lines": 0, "percent_statements_covered": 0.0, "percent_statements_covered_display": "0.00"}, "missing_lines": [199, 202, 205, 208, 209, 211], "excluded_lines": []}, "require_admin_token": {"executed_lines": [224, 225, 234], "summary": {"covered_lines": 3, "num_statements": 3, "percent_covered": 100.0, "percent_covered_display": "100.00", "missing_lines": 0, "excluded_lines": 0, "percent_statements_covered": 100.0, "percent_statements_covered_display": "100.00"}, "missing_lines": [], "excluded_lines": []}, "require_admin_token.decorated_function": {"executed_lines": [226, 227, 228, 229, 230, 232], "summary": {"covered_lines": 6, "num_statements": 7, "percent_covered": 85.71428571428571, "percent_covered_display": "85.71", "missing_lines": 1, "excluded_lines": 0, "percent_statements_covered": 85.71428571428571, "percent_statements_covered_display": "85.71"}, "missing_lines": [231], "excluded_lines": []}, "": {"executed_lines": [1, 2, 3, 4, 5, 6, 9, 14, 70, 143, 193, 218, 221], "summary": {"covered_lines": 13, "num_statements": 13, "percent_covered": 100.0, "percent_covered_display": "100.00", "missing_lines": 0, "excluded_lines": 0, "percent_statements_covered": 100.0, "percent_statements_covered_display": "100.00"}, "missing_lines": [], "excluded_lines": []}}, "classes": {"": {"executed_lines": [1, 2, 3, 4, 5, 6, 9, 14, 17, 18, 20, 22, 23, 34, 36, 37, 38, 48, 60, 63, 65, 67, 70, 73, 74, 75, 76, 80, 81, 84, 86, 87, 89, 91, 130, 131, 133, 135, 136, 138, 140, 143, 146, 147, 148, 149, 160, 161, 172, 173, 174, 175, 185, 186, 188, 190, 193, 218, 221, 224, 225, 226, 227, 228, 229, 230, 232, 234], "summary": {"covered_lines": 68, "num_statements": 101, "percent_covered": 67.32673267326733, "percent_covered_display": "67.33", "missing_lines": 33, "excluded_lines": 0, "percent_statements_covered": 67.32673267326733, "percent_statements_covered_display": "67.33"}, "missing_lines": [11, 49, 77, 92, 95, 96, 98, 100, 101, 115, 116, 117, 118, 121, 122, 123, 124, 125, 127, 150, 162, 196, 197, 198, 199, 202, 205, 208, 209, 211, 213, 215, 231], "excluded_lines": []}}}, "src/middleware/monitoring.py": {"executed_lines": [1, 5, 6, 7, 8, 9, 10, 13, 14, 16, 17, 59, 60, 78, 79, 106, 107, 152, 153, 167, 168, 181, 182, 214, 215, 249, 252, 253, 254, 255, 256, 259, 266, 268, 270, 272, 275, 278, 279, 280, 281, 284, 285, 286, 287, 288, 289, 290, 291, 292, 295, 298, 305, 313, 315, 317], "summary": {"covered_lines": 54, "num_statements": 160, "percent_covered": 33.75, "percent_covered_display": "33.75", "missing_lines": 106, "excluded_lines": 0, "percent_statements_covered": 33.75, "percent_statements_covered_display": "33.75"}, "missing_lines": [19, 26, 28, 31, 34, 37, 40, 43, 46, 48, 49, 50, 52, 53, 54, 55, 57, 62, 63, 64, 66, 67, 68, 70, 75, 76, 81, 82, 83, 84, 85, 88, 90, 98, 103, 104, 109, 110, 112, 113, 114, 116, 118, 119, 121, 122, 123, 125, 134, 135, 142, 149, 150, 155, 156, 163, 164, 165, 170, 172, 177, 178, 179, 184, 185, 186, 188, 189, 190, 195, 196, 198, 206, 207, 208, 209, 211, 212, 217, 218, 220, 221, 225, 227, 229, 230, 231, 232, 234, 238, 240, 241, 242, 243, 245, 246, 260, 261, 262, 263, 306, 307, 308, 309, 310, 311], "excluded_lines": [], "functions": {"HealthMonitor.get_system_health": {"executed_lines": [], "summary": {"covered_lines": 0, "num_statements": 17, "percent_covered": 0.0, "percent_covered_display": "0.00", "missing_lines": 17, "excluded_lines": 0, "percent_statements_covered": 0.0, "percent_statements_covered_display": "0.00"}, "missing_lines": [19, 26, 28, 31, 34, 37, 40, 43, 46, 48, 49, 50, 52, 53, 54, 55, 57], "excluded_lines": []}, "HealthMonitor._check_database": {"executed_lines": [], "summary": {"covered_lines": 0, "num_statements": 9, "percent_covered": 0.0, "percent_covered_display": "0.00", "missing_lines": 9, "excluded_lines": 0, "percent_statements_covered": 0.0, "percent_statements_covered_display": "0.00"}, "missing_lines": [62, 63, 64, 66, 67, 68, 70, 75, 76], "excluded_lines": []}, "HealthMonitor._check_redis": {"executed_lines": [], "summary": {"covered_lines": 0, "num_statements": 10, "percent_covered": 0.0, "percent_covered_display": "0.00", "missing_lines": 10, "excluded_lines": 0, "percent_statements_covered": 0.0, "percent_statements_covered_display": "0.00"}, "missing_lines": [81, 82, 83, 84, 85, 88, 90, 98, 103, 104], "excluded_lines": []}, "HealthMonitor._check_iotdb": {"executed_lines": [], "summary": {"covered_lines": 0, "num_statements": 17, "percent_covered": 0.0, "percent_covered_display": "0.00", "missing_lines": 17, "excluded_lines": 0, "percent_statements_covered": 0.0, "percent_statements_covered_display": "0.00"}, "missing_lines": [109, 110, 112, 113, 114, 116, 118, 119, 121, 122, 123, 125, 134, 135, 142, 149, 150], "excluded_lines": []}, "HealthMonitor._get_system_metrics": {"executed_lines": [], "summary": {"covered_lines": 0, "num_statements": 5, "percent_covered": 0.0, "percent_covered_display": "0.00", "missing_lines": 5, "excluded_lines": 0, "percent_statements_covered": 0.0, "percent_statements_covered_display": "0.00"}, "missing_lines": [155, 156, 163, 164, 165], "excluded_lines": []}, "HealthMonitor._get_app_metrics": {"executed_lines": [], "summary": {"covered_lines": 0, "num_statements": 5, "percent_covered": 0.0, "percent_covered_display": "0.00", "missing_lines": 5, "excluded_lines": 0, "percent_statements_covered": 0.0, "percent_statements_covered_display": "0.00"}, "missing_lines": [170, 172, 177, 178, 179], "excluded_lines": []}, "HealthMonitor._get_device_metrics": {"executed_lines": [], "summary": {"covered_lines": 0, "num_statements": 15, "percent_covered": 0.0, "percent_covered_display": "0.00", "missing_lines": 15, "excluded_lines": 0, "percent_statements_covered": 0.0, "percent_statements_covered_display": "0.00"}, "missing_lines": [184, 185, 186, 188, 189, 190, 195, 196, 198, 206, 207, 208, 209, 211, 212], "excluded_lines": []}, "HealthMonitor._get_telemetry_count_iotdb": {"executed_lines": [], "summary": {"covered_lines": 0, "num_statements": 18, "percent_covered": 0.0, "percent_covered_display": "0.00", "missing_lines": 18, "excluded_lines": 0, "percent_statements_covered": 0.0, "percent_statements_covered_display": "0.00"}, "missing_lines": [217, 218, 220, 221, 225, 227, 229, 230, 231, 232, 234, 238, 240, 241, 242, 243, 245, 246], "excluded_lines": []}, "device_heartbeat_monitor": {"executed_lines": [252, 253, 272], "summary": {"covered_lines": 3, "num_statements": 3, "percent_covered": 100.0, "percent_covered_display": "100.00", "missing_lines": 0, "excluded_lines": 0, "percent_statements_covered": 100.0, "percent_statements_covered_display": "100.00"}, "missing_lines": [], "excluded_lines": []}, "device_heartbeat_monitor.decorator": {"executed_lines": [254, 270], "summary": {"covered_lines": 2, "num_statements": 2, "percent_covered": 100.0, "percent_covered_display": "100.00", "missing_lines": 0, "excluded_lines": 0, "percent_statements_covered": 100.0, "percent_statements_covered_display": "100.00"}, "missing_lines": [], "excluded_lines": []}, "device_heartbeat_monitor.decorator.decorated_function": {"executed_lines": [255, 256, 259, 266, 268], "summary": {"covered_lines": 5, "num_statements": 9, "percent_covered": 55.55555555555556, "percent_covered_display": "55.56", "missing_lines": 4, "excluded_lines": 0, "percent_statements_covered": 55.55555555555556, "percent_statements_covered_display": "55.56"}, "missing_lines": [260, 261, 262, 263], "excluded_lines": []}, "request_metrics_middleware": {"executed_lines": [278, 279, 317], "summary": {"covered_lines": 3, "num_statements": 3, "percent_covered": 100.0, "percent_covered_display": "100.00", "missing_lines": 0, "excluded_lines": 0, "percent_statements_covered": 100.0, "percent_statements_covered_display": "100.00"}, "missing_lines": [], "excluded_lines": []}, "request_metrics_middleware.decorator": {"executed_lines": [280, 315], "summary": {"covered_lines": 2, "num_statements": 2, "percent_covered": 100.0, "percent_covered_display": "100.00", "missing_lines": 0, "excluded_lines": 0, "percent_statements_covered": 100.0, "percent_statements_covered_display": "100.00"}, "missing_lines": [], "excluded_lines": []}, "request_metrics_middleware.decorator.decorated_function": {"executed_lines": [281, 284, 285, 286, 287, 288, 289, 290, 291, 292, 295, 298, 305, 313], "summary": {"covered_lines": 14, "num_statements": 20, "percent_covered": 70.0, "percent_covered_display": "70.00", "missing_lines": 6, "excluded_lines": 0, "percent_statements_covered": 70.0, "percent_statements_covered_display": "70.00"}, "missing_lines": [306, 307, 308, 309, 310, 311], "excluded_lines": []}, "": {"executed_lines": [1, 5, 6, 7, 8, 9, 10, 13, 14, 16, 17, 59, 60, 78, 79, 106, 107, 152, 153, 167, 168, 181, 182, 214, 215, 249, 275], "summary": {"covered_lines": 25, "num_statements": 25, "percent_covered": 100.0, "percent_covered_display": "100.00", "missing_lines": 0, "excluded_lines": 0, "percent_statements_covered": 100.0, "percent_statements_covered_display": "100.00"}, "missing_lines": [], "excluded_lines": []}}, "classes": {"HealthMonitor": {"executed_lines": [], "summary": {"covered_lines": 0, "num_statements": 96, "percent_covered": 0.0, "percent_covered_display": "0.00", "missing_lines": 96, "excluded_lines": 0, "percent_statements_covered": 0.0, "percent_statements_covered_display": "0.00"}, "missing_lines": [19, 26, 28, 31, 34, 37, 40, 43, 46, 48, 49, 50, 52, 53, 54, 55, 57, 62, 63, 64, 66, 67, 68, 70, 75, 76, 81, 82, 83, 84, 85, 88, 90, 98, 103, 104, 109, 110, 112, 113, 114, 116, 118, 119, 121, 122, 123, 125, 134, 135, 142, 149, 150, 155, 156, 163, 164, 165, 170, 172, 177, 178, 179, 184, 185, 186, 188, 189, 190, 195, 196, 198, 206, 207, 208, 209, 211, 212, 217, 218, 220, 221, 225, 227, 229, 230, 231, 232, 234, 238, 240, 241, 242, 243, 245, 246], "excluded_lines": []}, "": {"executed_lines": [1, 5, 6, 7, 8, 9, 10, 13, 14, 16, 17, 59, 60, 78, 79, 106, 107, 152, 153, 167, 168, 181, 182, 214, 215, 249, 252, 253, 254, 255, 256, 259, 266, 268, 270, 272, 275, 278, 279, 280, 281, 284, 285, 286, 287, 288, 289, 290, 291, 292, 295, 298, 305, 313, 315, 317], "summary": {"covered_lines": 54, "num_statements": 64, "percent_covered": 84.375, "percent_covered_display": "84.38", "missing_lines": 10, "excluded_lines": 0, "percent_statements_covered": 84.375, "percent_statements_covered_display": "84.38"}, "missing_lines": [260, 261, 262, 263, 306, 307, 308, 309, 310, 311], "excluded_lines": []}}}, "src/middleware/security.py": {"executed_lines": [1, 5, 6, 7, 8, 9, 10, 13, 14, 16, 17, 19, 26, 29, 31, 32, 43, 44, 55, 56, 67, 68, 84, 85, 88, 96, 104, 105, 107, 111, 114, 118, 121, 122, 124, 126, 127, 129, 130, 131, 132, 133, 135, 136, 138, 139, 143, 144, 146, 147, 148, 150, 151, 153, 156, 159, 160, 161, 162, 165, 194, 196, 198, 201, 204, 205, 206, 208, 209, 210, 211, 212, 215, 216, 217, 220, 224, 226, 228, 231, 254], "summary": {"covered_lines": 78, "num_statements": 140, "percent_covered": 55.714285714285715, "percent_covered_display": "55.71", "missing_lines": 62, "excluded_lines": 0, "percent_statements_covered": 55.714285714285715, "percent_statements_covered_display": "55.71"}, "missing_lines": [27, 34, 41, 46, 53, 58, 65, 70, 78, 79, 81, 108, 115, 140, 141, 149, 167, 170, 173, 176, 179, 188, 189, 192, 218, 221, 222, 234, 235, 236, 237, 239, 240, 243, 244, 245, 247, 249, 251, 257, 258, 259, 261, 262, 263, 265, 266, 267, 269, 270, 271, 273, 274, 275, 287, 288, 289, 290, 292, 293, 294, 295], "excluded_lines": [], "functions": {"ErrorHandler.handle_validation_error": {"executed_lines": [19, 26, 29], "summary": {"covered_lines": 3, "num_statements": 4, "percent_covered": 75.0, "percent_covered_display": "75.00", "missing_lines": 1, "excluded_lines": 0, "percent_statements_covered": 75.0, "percent_statements_covered_display": "75.00"}, "missing_lines": [27], "excluded_lines": []}, "ErrorHandler.handle_authentication_error": {"executed_lines": [], "summary": {"covered_lines": 0, "num_statements": 2, "percent_covered": 0.0, "percent_covered_display": "0.00", "missing_lines": 2, "excluded_lines": 0, "percent_statements_covered": 0.0, "percent_statements_covered_display": "0.00"}, "missing_lines": [34, 41], "excluded_lines": []}, "ErrorHandler.handle_authorization_error": {"executed_lines": [], "summary": {"covered_lines": 0, "num_statements": 2, "percent_covered": 0.0, "percent_covered_display": "0.00", "missing_lines": 2, "excluded_lines": 0, "percent_statements_covered": 0.0, "percent_statements_covered_display": "0.00"}, "missing_lines": [46, 53], "excluded_lines": []}, "ErrorHandler.handle_not_found_error": {"executed_lines": [], "summary": {"covered_lines": 0, "num_statements": 2, "percent_covered": 0.0, "percent_covered_display": "0.00", "missing_lines": 2, "excluded_lines": 0, "percent_statements_covered": 0.0, "percent_statements_covered_display": "0.00"}, "missing_lines": [58, 65], "excluded_lines": []}, "ErrorHandler.handle_server_error": {"executed_lines": [], "summary": {"covered_lines": 0, "num_statements": 4, "percent_covered": 0.0, "percent_covered_display": "0.00", "missing_lines": 4, "excluded_lines": 0, "percent_statements_covered": 0.0, "percent_statements_covered_display": "0.00"}, "missing_lines": [70, 78, 79, 81], "excluded_lines": []}, "InputSanitizer.sanitize_string": {"executed_lines": [107, 111, 114, 118, 121, 122, 124], "summary": {"covered_lines": 7, "num_statements": 9, "percent_covered": 77.77777777777777, "percent_covered_display": "77.78", "missing_lines": 2, "excluded_lines": 0, "percent_statements_covered": 77.77777777777777, "percent_statements_covered_display": "77.78"}, "missing_lines": [108, 115], "excluded_lines": []}, "InputSanitizer._check_sql_injection": {"executed_lines": [129, 130, 131, 132, 133], "summary": {"covered_lines": 5, "num_statements": 5, "percent_covered": 100.0, "percent_covered_display": "100.00", "missing_lines": 0, "excluded_lines": 0, "percent_statements_covered": 100.0, "percent_statements_covered_display": "100.00"}, "missing_lines": [], "excluded_lines": []}, "InputSanitizer._check_xss": {"executed_lines": [138, 139], "summary": {"covered_lines": 2, "num_statements": 4, "percent_covered": 50.0, "percent_covered_display": "50.00", "missing_lines": 2, "excluded_lines": 0, "percent_statements_covered": 50.0, "percent_statements_covered_display": "50.00"}, "missing_lines": [140, 141], "excluded_lines": []}, "InputSanitizer.sanitize_json_payload": {"executed_lines": [146, 147, 148, 150, 151, 153], "summary": {"covered_lines": 6, "num_statements": 7, "percent_covered": 85.71428571428571, "percent_covered_display": "85.71", "missing_lines": 1, "excluded_lines": 0, "percent_statements_covered": 85.71428571428571, "percent_statements_covered_display": "85.71"}, "missing_lines": [149], "excluded_lines": []}, "security_headers_middleware": {"executed_lines": [159, 160, 198], "summary": {"covered_lines": 3, "num_statements": 3, "percent_covered": 100.0, "percent_covered_display": "100.00", "missing_lines": 0, "excluded_lines": 0, "percent_statements_covered": 100.0, "percent_statements_covered_display": "100.00"}, "missing_lines": [], "excluded_lines": []}, "security_headers_middleware.decorator": {"executed_lines": [161, 196], "summary": {"covered_lines": 2, "num_statements": 2, "percent_covered": 100.0, "percent_covered_display": "100.00", "missing_lines": 0, "excluded_lines": 0, "percent_statements_covered": 100.0, "percent_statements_covered_display": "100.00"}, "missing_lines": [], "excluded_lines": []}, "security_headers_middleware.decorator.decorated_function": {"executed_lines": [162, 165, 194], "summary": {"covered_lines": 3, "num_statements": 11, "percent_covered": 27.272727272727273, "percent_covered_display": "27.27", "missing_lines": 8, "excluded_lines": 0, "percent_statements_covered": 27.272727272727273, "percent_statements_covered_display": "27.27"}, "missing_lines": [167, 170, 173, 176, 179, 188, 189, 192], "excluded_lines": []}, "input_sanitization_middleware": {"executed_lines": [204, 205, 228], "summary": {"covered_lines": 3, "num_statements": 3, "percent_covered": 100.0, "percent_covered_display": "100.00", "missing_lines": 0, "excluded_lines": 0, "percent_statements_covered": 100.0, "percent_statements_covered_display": "100.00"}, "missing_lines": [], "excluded_lines": []}, "input_sanitization_middleware.decorator": {"executed_lines": [206, 226], "summary": {"covered_lines": 2, "num_statements": 2, "percent_covered": 100.0, "percent_covered_display": "100.00", "missing_lines": 0, "excluded_lines": 0, "percent_statements_covered": 100.0, "percent_statements_covered_display": "100.00"}, "missing_lines": [], "excluded_lines": []}, "input_sanitization_middleware.decorator.decorated_function": {"executed_lines": [208, 209, 210, 211, 212, 215, 216, 217, 220, 224], "summary": {"covered_lines": 10, "num_statements": 13, "percent_covered": 76.92307692307692, "percent_covered_display": "76.92", "missing_lines": 3, "excluded_lines": 0, "percent_statements_covered": 76.92307692307692, "percent_statements_covered_display": "76.92"}, "missing_lines": [218, 221, 222], "excluded_lines": []}, "request_id_middleware": {"executed_lines": [], "summary": {"covered_lines": 0, "num_statements": 3, "percent_covered": 0.0, "percent_covered_display": "0.00", "missing_lines": 3, "excluded_lines": 0, "percent_statements_covered": 0.0, "percent_statements_covered_display": "0.00"}, "missing_lines": [234, 235, 251], "excluded_lines": []}, "request_id_middleware.decorator": {"executed_lines": [], "summary": {"covered_lines": 0, "num_statements": 2, "percent_covered": 0.0, "percent_covered_display": "0.00", "missing_lines": 2, "excluded_lines": 0, "percent_statements_covered": 0.0, "percent_statements_covered_display": "0.00"}, "missing_lines": [236, 249], "excluded_lines": []}, "request_id_middleware.decorator.decorated_function": {"executed_lines": [], "summary": {"covered_lines": 0, "num_statements": 7, "percent_covered": 0.0, "percent_covered_display": "0.00", "missing_lines": 7, "excluded_lines": 0, "percent_statements_covered": 0.0, "percent_statements_covered_display": "0.00"}, "missing_lines": [237, 239, 240, 243, 244, 245, 247], "excluded_lines": []}, "comprehensive_error_handler": {"executed_lines": [], "summary": {"covered_lines": 0, "num_statements": 14, "percent_covered": 0.0, "percent_covered_display": "0.00", "missing_lines": 14, "excluded_lines": 0, "percent_statements_covered": 0.0, "percent_statements_covered_display": "0.00"}, "missing_lines": [257, 258, 261, 262, 265, 266, 269, 270, 273, 274, 287, 288, 292, 293], "excluded_lines": []}, "comprehensive_error_handler.bad_request": {"executed_lines": [], "summary": {"covered_lines": 0, "num_statements": 1, "percent_covered": 0.0, "percent_covered_display": "0.00", "missing_lines": 1, "excluded_lines": 0, "percent_statements_covered": 0.0, "percent_statements_covered_display": "0.00"}, "missing_lines": [259], "excluded_lines": []}, "comprehensive_error_handler.unauthorized": {"executed_lines": [], "summary": {"covered_lines": 0, "num_statements": 1, "percent_covered": 0.0, "percent_covered_display": "0.00", "missing_lines": 1, "excluded_lines": 0, "percent_statements_covered": 0.0, "percent_statements_covered_display": "0.00"}, "missing_lines": [263], "excluded_lines": []}, "comprehensive_error_handler.forbidden": {"executed_lines": [], "summary": {"covered_lines": 0, "num_statements": 1, "percent_covered": 0.0, "percent_covered_display": "0.00", "missing_lines": 1, "excluded_lines": 0, "percent_statements_covered": 0.0, "percent_statements_covered_display": "0.00"}, "missing_lines": [267], "excluded_lines": []}, "comprehensive_error_handler.not_found": {"executed_lines": [], "summary": {"covered_lines": 0, "num_statements": 1, "percent_covered": 0.0, "percent_covered_display": "0.00", "missing_lines": 1, "excluded_lines": 0, "percent_statements_covered": 0.0, "percent_statements_covered_display": "0.00"}, "missing_lines": [271], "excluded_lines": []}, "comprehensive_error_handler.rate_limit_exceeded": {"executed_lines": [], "summary": {"covered_lines": 0, "num_statements": 1, "percent_covered": 0.0, "percent_covered_display": "0.00", "missing_lines": 1, "excluded_lines": 0, "percent_statements_covered": 0.0, "percent_statements_covered_display": "0.00"}, "missing_lines": [275], "excluded_lines": []}, "comprehensive_error_handler.internal_error": {"executed_lines": [], "summary": {"covered_lines": 0, "num_statements": 2, "percent_covered": 0.0, "percent_covered_display": "0.00", "missing_lines": 2, "excluded_lines": 0, "percent_statements_covered": 0.0, "percent_statements_covered_display": "0.00"}, "missing_lines": [289, 290], "excluded_lines": []}, "comprehensive_error_handler.handle_exception": {"executed_lines": [], "summary": {"covered_lines": 0, "num_statements": 2, "percent_covered": 0.0, "percent_covered_display": "0.00", "missing_lines": 2, "excluded_lines": 0, "percent_statements_covered": 0.0, "percent_statements_covered_display": "0.00"}, "missing_lines": [294, 295], "excluded_lines": []}, "": {"executed_lines": [1, 5, 6, 7, 8, 9, 10, 13, 14, 16, 17, 31, 32, 43, 44, 55, 56, 67, 68, 84, 85, 88, 96, 104, 105, 126, 127, 135, 136, 143, 144, 156, 201, 231, 254], "summary": {"covered_lines": 32, "num_statements": 32, "percent_covered": 100.0, "percent_covered_display": "100.00", "missing_lines": 0, "excluded_lines": 0, "percent_statements_covered": 100.0, "percent_statements_covered_display": "100.00"}, "missing_lines": [], "excluded_lines": []}}, "classes": {"ErrorHandler": {"executed_lines": [19, 26, 29], "summary": {"covered_lines": 3, "num_statements": 14, "percent_covered": 21.428571428571427, "percent_covered_display": "21.43", "missing_lines": 11, "excluded_lines": 0, "percent_statements_covered": 21.428571428571427, "percent_statements_covered_display": "21.43"}, "missing_lines": [27, 34, 41, 46, 53, 58, 65, 70, 78, 79, 81], "excluded_lines": []}, "InputSanitizer": {"executed_lines": [107, 111, 114, 118, 121, 122, 124, 129, 130, 131, 132, 133, 138, 139, 146, 147, 148, 150, 151, 153], "summary": {"covered_lines": 20, "num_statements": 25, "percent_covered": 80.0, "percent_covered_display": "80.00", "missing_lines": 5, "excluded_lines": 0, "percent_statements_covered": 80.0, "percent_statements_covered_display": "80.00"}, "missing_lines": [108, 115, 140, 141, 149], "excluded_lines": []}, "": {"executed_lines": [1, 5, 6, 7, 8, 9, 10, 13, 14, 16, 17, 31, 32, 43, 44, 55, 56, 67, 68, 84, 85, 88, 96, 104, 105, 126, 127, 135, 136, 143, 144, 156, 159, 160, 161, 162, 165, 194, 196, 198, 201, 204, 205, 206, 208, 209, 210, 211, 212, 215, 216, 217, 220, 224, 226, 228, 231, 254], "summary": {"covered_lines": 55, "num_statements": 101, "percent_covered": 54.45544554455446, "percent_covered_display": "54.46", "missing_lines": 46, "excluded_lines": 0, "percent_statements_covered": 54.45544554455446, "percent_statements_covered_display": "54.46"}, "missing_lines": [167, 170, 173, 176, 179, 188, 189, 192, 218, 221, 222, 234, 235, 236, 237, 239, 240, 243, 244, 245, 247, 249, 251, 257, 258, 259, 261, 262, 263, 265, 266, 267, 269, 270, 271, 273, 274, 275, 287, 288, 289, 290, 292, 293, 294, 295], "excluded_lines": []}}}, "src/models/__init__.py": {"executed_lines": [1, 2, 3, 4, 5, 7, 10, 12, 13, 16, 18, 21, 22, 24, 26, 27, 28, 29, 30, 31, 32, 33, 34, 39, 42, 45, 51, 54, 70, 71, 73, 76, 78, 79, 80, 81, 82, 83, 84, 85, 86, 87, 88, 93, 96, 99, 100, 107, 110, 112, 127, 129, 130, 133, 135, 139, 150, 163, 167, 168, 172, 173, 185, 186, 188, 190, 191, 192, 193, 194, 195, 196, 197, 200, 205, 208, 215, 216, 218, 220, 221, 222, 223, 224, 225, 226, 227, 234, 239, 243, 244, 246, 248, 249, 250, 251, 252, 253, 254, 255, 256, 257, 258, 259, 260, 265, 268, 269, 276, 283, 284, 286, 288, 289, 290, 291, 293, 300, 301, 303, 305, 306, 307, 308, 309, 310, 312, 320, 322], "summary": {"covered_lines": 118, "num_statements": 145, "percent_covered": 81.37931034482759, "percent_covered_display": "81.38", "missing_lines": 27, "excluded_lines": 8, "percent_statements_covered": 81.37931034482759, "percent_statements_covered_display": "81.38"}, "missing_lines": [56, 136, 137, 141, 142, 145, 147, 148, 152, 155, 156, 157, 158, 161, 165, 170, 175, 176, 177, 178, 179, 180, 181, 182, 210, 211, 212], "excluded_lines": [51, 52, 107, 108, 205, 206, 239, 240], "functions": {"generate_api_key": {"executed_lines": [12, 13], "summary": {"covered_lines": 2, "num_statements": 2, "percent_covered": 100.0, "percent_covered_display": "100.00", "missing_lines": 0, "excluded_lines": 0, "percent_statements_covered": 100.0, "percent_statements_covered_display": "100.00"}, "missing_lines": [], "excluded_lines": []}, "generate_user_id": {"executed_lines": [18], "summary": {"covered_lines": 1, "num_statements": 1, "percent_covered": 100.0, "percent_covered_display": "100.00", "missing_lines": 0, "excluded_lines": 0, "percent_statements_covered": 100.0, "percent_statements_covered_display": "100.00"}, "missing_lines": [], "excluded_lines": []}, "User.__repr__": {"executed_lines": [], "summary": {"covered_lines": 0, "num_statements": 0, "percent_covered": 100.0, "percent_covered_display": "100.00", "missing_lines": 0, "excluded_lines": 1, "percent_statements_covered": 100.0, "percent_statements_covered_display": "100.00"}, "missing_lines": [], "excluded_lines": [52]}, "User.to_dict": {"executed_lines": [], "summary": {"covered_lines": 0, "num_statements": 1, "percent_covered": 0.0, "percent_covered_display": "0.00", "missing_lines": 1, "excluded_lines": 0, "percent_statements_covered": 0.0, "percent_statements_covered_display": "0.00"}, "missing_lines": [56], "excluded_lines": []}, "Device.__repr__": {"executed_lines": [], "summary": {"covered_lines": 0, "num_statements": 0, "percent_covered": 100.0, "percent_covered_display": "100.00", "missing_lines": 0, "excluded_lines": 1, "percent_statements_covered": 100.0, "percent_statements_covered_display": "100.00"}, "missing_lines": [], "excluded_lines": [108]}, "Device.to_dict": {"executed_lines": [112], "summary": {"covered_lines": 1, "num_statements": 1, "percent_covered": 100.0, "percent_covered_display": "100.00", "missing_lines": 0, "excluded_lines": 0, "percent_statements_covered": 100.0, "percent_statements_covered_display": "100.00"}, "missing_lines": [], "excluded_lines": []}, "Device.update_last_seen": {"executed_lines": [129, 130, 133, 135], "summary": {"covered_lines": 4, "num_statements": 6, "percent_covered": 66.66666666666667, "percent_covered_display": "66.67", "missing_lines": 2, "excluded_lines": 0, "percent_statements_covered": 66.66666666666667, "percent_statements_covered_display": "66.67"}, "missing_lines": [136, 137], "excluded_lines": []}, "Device.set_status": {"executed_lines": [], "summary": {"covered_lines": 0, "num_statements": 5, "percent_covered": 0.0, "percent_covered_display": "0.00", "missing_lines": 5, "excluded_lines": 0, "percent_statements_covered": 0.0, "percent_statements_covered_display": "0.00"}, "missing_lines": [141, 142, 145, 147, 148], "excluded_lines": []}, "Device.get_status": {"executed_lines": [], "summary": {"covered_lines": 0, "num_statements": 6, "percent_covered": 0.0, "percent_covered_display": "0.00", "missing_lines": 6, "excluded_lines": 0, "percent_statements_covered": 0.0, "percent_statements_covered_display": "0.00"}, "missing_lines": [152, 155, 156, 157, 158, 161], "excluded_lines": []}, "Device.is_authenticated": {"executed_lines": [], "summary": {"covered_lines": 0, "num_statements": 1, "percent_covered": 0.0, "percent_covered_display": "0.00", "missing_lines": 1, "excluded_lines": 0, "percent_statements_covered": 0.0, "percent_statements_covered_display": "0.00"}, "missing_lines": [165], "excluded_lines": []}, "Device.authenticate_by_api_key": {"executed_lines": [], "summary": {"covered_lines": 0, "num_statements": 1, "percent_covered": 0.0, "percent_covered_display": "0.00", "missing_lines": 1, "excluded_lines": 0, "percent_statements_covered": 0.0, "percent_statements_covered_display": "0.00"}, "missing_lines": [170], "excluded_lines": []}, "Device.authenticate_by_mqtt_credentials": {"executed_lines": [], "summary": {"covered_lines": 0, "num_statements": 8, "percent_covered": 0.0, "percent_covered_display": "0.00", "missing_lines": 8, "excluded_lines": 0, "percent_statements_covered": 0.0, "percent_statements_covered_display": "0.00"}, "missing_lines": [175, 176, 177, 178, 179, 180, 181, 182], "excluded_lines": []}, "DeviceAuth.__repr__": {"executed_lines": [], "summary": {"covered_lines": 0, "num_statements": 0, "percent_covered": 100.0, "percent_covered_display": "100.00", "missing_lines": 0, "excluded_lines": 1, "percent_statements_covered": 100.0, "percent_statements_covered_display": "100.00"}, "missing_lines": [], "excluded_lines": [206]}, "DeviceAuth.increment_usage": {"executed_lines": [], "summary": {"covered_lines": 0, "num_statements": 3, "percent_covered": 0.0, "percent_covered_display": "0.00", "missing_lines": 3, "excluded_lines": 0, "percent_statements_covered": 0.0, "percent_statements_covered_display": "0.00"}, "missing_lines": [210, 211, 212], "excluded_lines": []}, "DeviceConfiguration.__repr__": {"executed_lines": [], "summary": {"covered_lines": 0, "num_statements": 0, "percent_covered": 100.0, "percent_covered_display": "100.00", "missing_lines": 0, "excluded_lines": 1, "percent_statements_covered": 100.0, "percent_statements_covered_display": "100.00"}, "missing_lines": [], "excluded_lines": [240]}, "": {"executed_lines": [1, 2, 3, 4, 5, 7, 10, 16, 21, 22, 24, 26, 27, 28, 29, 30, 31, 32, 33, 34, 39, 42, 45, 51, 54, 70, 71, 73, 76, 78, 79, 80, 81, 82, 83, 84, 85, 86, 87, 88, 93, 96, 99, 100, 107, 110, 127, 139, 150, 163, 167, 168, 172, 173, 185, 186, 188, 190, 191, 192, 193, 194, 195, 196, 197, 200, 205, 208, 215, 216, 218, 220, 221, 222, 223, 224, 225, 226, 227, 234, 239, 243, 244, 246, 248, 249, 250, 251, 252, 253, 254, 255, 256, 257, 258, 259, 260, 265, 268, 269, 276, 283, 284, 286, 288, 289, 290, 291, 293, 300, 301, 303, 305, 306, 307, 308, 309, 310, 312, 320, 322], "summary": {"covered_lines": 110, "num_statements": 110, "percent_covered": 100.0, "percent_covered_display": "100.00", "missing_lines": 0, "excluded_lines": 4, "percent_statements_covered": 100.0, "percent_statements_covered_display": "100.00"}, "missing_lines": [], "excluded_lines": [51, 107, 205, 239]}}, "classes": {"User": {"executed_lines": [], "summary": {"covered_lines": 0, "num_statements": 1, "percent_covered": 0.0, "percent_covered_display": "0.00", "missing_lines": 1, "excluded_lines": 1, "percent_statements_covered": 0.0, "percent_statements_covered_display": "0.00"}, "missing_lines": [56], "excluded_lines": [52]}, "Device": {"executed_lines": [112, 129, 130, 133, 135], "summary": {"covered_lines": 5, "num_statements": 28, "percent_covered": 17.857142857142858, "percent_covered_display": "17.86", "missing_lines": 23, "excluded_lines": 1, "percent_statements_covered": 17.857142857142858, "percent_statements_covered_display": "17.86"}, "missing_lines": [136, 137, 141, 142, 145, 147, 148, 152, 155, 156, 157, 158, 161, 165, 170, 175, 176, 177, 178, 179, 180, 181, 182], "excluded_lines": [108]}, "DeviceAuth": {"executed_lines": [], "summary": {"covered_lines": 0, "num_statements": 3, "percent_covered": 0.0, "percent_covered_display": "0.00", "missing_lines": 3, "excluded_lines": 1, "percent_statements_covered": 0.0, "percent_statements_covered_display": "0.00"}, "missing_lines": [210, 211, 212], "excluded_lines": [206]}, "DeviceConfiguration": {"executed_lines": [], "summary": {"covered_lines": 0, "num_statements": 0, "percent_covered": 100.0, "percent_covered_display": "100.00", "missing_lines": 0, "excluded_lines": 1, "percent_statements_covered": 100.0, "percent_statements_covered_display": "100.00"}, "missing_lines": [], "excluded_lines": [240]}, "Chart": {"executed_lines": [], "summary": {"covered_lines": 0, "num_statements": 0, "percent_covered": 100.0, "percent_covered_display": "100.00", "missing_lines": 0, "excluded_lines": 0, "percent_statements_covered": 100.0, "percent_statements_covered_display": "100.00"}, "missing_lines": [], "excluded_lines": []}, "ChartDevice": {"executed_lines": [], "summary": {"covered_lines": 0, "num_statements": 0, "percent_covered": 100.0, "percent_covered_display": "100.00", "missing_lines": 0, "excluded_lines": 0, "percent_statements_covered": 100.0, "percent_statements_covered_display": "100.00"}, "missing_lines": [], "excluded_lines": []}, "ChartMeasurement": {"executed_lines": [], "summary": {"covered_lines": 0, "num_statements": 0, "percent_covered": 100.0, "percent_covered_display": "100.00", "missing_lines": 0, "excluded_lines": 0, "percent_statements_covered": 100.0, "percent_statements_covered_display": "100.00"}, "missing_lines": [], "excluded_lines": []}, "": {"executed_lines": [1, 2, 3, 4, 5, 7, 10, 12, 13, 16, 18, 21, 22, 24, 26, 27, 28, 29, 30, 31, 32, 33, 34, 39, 42, 45, 51, 54, 70, 71, 73, 76, 78, 79, 80, 81, 82, 83, 84, 85, 86, 87, 88, 93, 96, 99, 100, 107, 110, 127, 139, 150, 163, 167, 168, 172, 173, 185, 186, 188, 190, 191, 192, 193, 194, 195, 196, 197, 200, 205, 208, 215, 216, 218, 220, 221, 222, 223, 224, 225, 226, 227, 234, 239, 243, 244, 246, 248, 249, 250, 251, 252, 253, 254, 255, 256, 257, 258, 259, 260, 265, 268, 269, 276, 283, 284, 286, 288, 289, 290, 291, 293, 300, 301, 303, 305, 306, 307, 308, 309, 310, 312, 320, 322], "summary": {"covered_lines": 113, "num_statements": 113, "percent_covered": 100.0, "percent_covered_display": "100.00", "missing_lines": 0, "excluded_lines": 4, "percent_statements_covered": 100.0, "percent_statements_covered_display": "100.00"}, "missing_lines": [], "excluded_lines": [51, 107, 205, 239]}}}, "src/models/device_control.py": {"executed_lines": [1, 4, 5, 6, 7, 8, 9, 10, 11, 12, 13, 15, 17], "summary": {"covered_lines": 13, "num_statements": 13, "percent_covered": 100.0, "percent_covered_display": "100.00", "missing_lines": 0, "excluded_lines": 0, "percent_statements_covered": 100.0, "percent_statements_covered_display": "100.00"}, "missing_lines": [], "excluded_lines": [], "functions": {"create_device_control_model": {"executed_lines": [5, 6, 7, 8, 9, 10, 11, 12, 13, 15, 17], "summary": {"covered_lines": 11, "num_statements": 11, "percent_covered": 100.0, "percent_covered_display": "100.00", "missing_lines": 0, "excluded_lines": 0, "percent_statements_covered": 100.0, "percent_statements_covered_display": "100.00"}, "missing_lines": [], "excluded_lines": []}, "": {"executed_lines": [1, 4], "summary": {"covered_lines": 2, "num_statements": 2, "percent_covered": 100.0, "percent_covered_display": "100.00", "missing_lines": 0, "excluded_lines": 0, "percent_statements_covered": 100.0, "percent_statements_covered_display": "100.00"}, "missing_lines": [], "excluded_lines": []}}, "classes": {"create_device_control_model.DeviceControl": {"executed_lines": [], "summary": {"covered_lines": 0, "num_statements": 0, "percent_covered": 100.0, "percent_covered_display": "100.00", "missing_lines": 0, "excluded_lines": 0, "percent_statements_covered": 100.0, "percent_statements_covered_display": "100.00"}, "missing_lines": [], "excluded_lines": []}, "": {"executed_lines": [1, 4, 5, 6, 7, 8, 9, 10, 11, 12, 13, 15, 17], "summary": {"covered_lines": 13, "num_statements": 13, "percent_covered": 100.0, "percent_covered_display": "100.00", "missing_lines": 0, "excluded_lines": 0, "percent_statements_covered": 100.0, "percent_statements_covered_display": "100.00"}, "missing_lines": [], "excluded_lines": []}}}, "src/mqtt/__init__.py": {"executed_lines": [1], "summary": {"covered_lines": 0, "num_statements": 0, "percent_covered": 100.0, "percent_covered_display": "100.00", "missing_lines": 0, "excluded_lines": 0, "percent_statements_covered": 100.0, "percent_statements_covered_display": "100.00"}, "missing_lines": [], "excluded_lines": [], "functions": {"": {"executed_lines": [1], "summary": {"covered_lines": 0, "num_statements": 0, "percent_covered": 100.0, "percent_covered_display": "100.00", "missing_lines": 0, "excluded_lines": 0, "percent_statements_covered": 100.0, "percent_statements_covered_display": "100.00"}, "missing_lines": [], "excluded_lines": []}}, "classes": {"": {"executed_lines": [1], "summary": {"covered_lines": 0, "num_statements": 0, "percent_covered": 100.0, "percent_covered_display": "100.00", "missing_lines": 0, "excluded_lines": 0, "percent_statements_covered": 100.0, "percent_statements_covered_display": "100.00"}, "missing_lines": [], "excluded_lines": []}}}, "src/mqtt/client.py": {"executed_lines": [], "summary": {"covered_lines": 0, "num_statements": 447, "percent_covered": 0.0, "percent_covered_display": "0.00", "missing_lines": 447, "excluded_lines": 1, "percent_statements_covered": 0.0, "percent_statements_covered_display": "0.00"}, "missing_lines": [6, 7, 8, 9, 10, 11, 12, 13, 15, 17, 18, 19, 22, 23, 26, 27, 28, 29, 30, 31, 32, 35, 36, 37, 38, 39, 40, 43, 44, 45, 48, 49, 52, 55, 56, 59, 60, 61, 62, 63, 65, 66, 67, 69, 71, 80, 83, 84, 85, 87, 90, 91, 93, 94, 96, 97, 98, 99, 100, 101, 102, 104, 106, 111, 114, 115, 116, 117, 119, 121, 123, 125, 127, 133, 136, 137, 140, 141, 143, 145, 152, 154, 155, 161, 162, 165, 166, 167, 169, 170, 171, 172, 173, 176, 177, 178, 179, 180, 181, 183, 186, 187, 188, 189, 192, 193, 200, 201, 205, 207, 208, 211, 212, 213, 214, 215, 217, 220, 229, 230, 231, 232, 233, 235, 237, 238, 241, 244, 245, 246, 248, 250, 252, 254, 255, 256, 257, 258, 260, 261, 264, 265, 266, 267, 268, 270, 273, 282, 283, 284, 285, 286, 288, 290, 291, 294, 297, 298, 299, 300, 302, 304, 306, 308, 310, 312, 313, 314, 315, 316, 318, 319, 322, 323, 324, 325, 326, 328, 331, 340, 342, 344, 347, 348, 350, 351, 353, 354, 357, 358, 359, 360, 361, 364, 365, 366, 367, 370, 371, 372, 373, 374, 376, 378, 379, 382, 388, 389, 390, 391, 392, 393, 394, 395, 396, 397, 400, 403, 404, 405, 408, 409, 411, 412, 413, 415, 416, 417, 419, 421, 423, 425, 427, 429, 431, 433, 435, 437, 439, 440, 443, 444, 447, 448, 451, 452, 453, 454, 455, 456, 459, 460, 462, 464, 466, 467, 469, 470, 472, 473, 474, 476, 478, 480, 481, 482, 484, 486, 487, 489, 491, 494, 496, 497, 498, 499, 501, 502, 503, 505, 506, 508, 509, 511, 512, 513, 515, 517, 518, 519, 520, 521, 522, 523, 524, 526, 539, 540, 541, 543, 545, 548, 549, 552, 554, 555, 556, 558, 559, 561, 562, 563, 565, 577, 578, 579, 581, 582, 584, 586, 587, 590, 591, 592, 593, 595, 597, 598, 600, 601, 602, 604, 606, 607, 609, 610, 613, 614, 615, 617, 619, 621, 622, 623, 626, 634, 635, 636, 637, 638, 639, 640, 642, 644, 646, 648, 650, 651, 652, 655, 656, 657, 658, 660, 663, 665, 667, 668, 669, 672, 673, 675, 677, 679, 681, 688, 691, 694, 695, 696, 699, 700, 701, 703, 706, 707, 708, 709, 710, 713, 714, 715, 718, 719, 720, 721, 722, 724, 725, 727, 729, 731, 733, 735, 737, 738, 739, 740, 741, 742, 743, 744, 746, 748, 749, 751, 752, 754, 755, 756, 757, 758, 759, 760, 762, 764, 767, 768, 769, 770, 771, 772, 773, 774, 775, 777, 778, 779, 781, 782, 784, 785, 787, 789, 801, 813, 835], "excluded_lines": [108], "functions": {"MQTTMessage.__post_init__": {"executed_lines": [], "summary": {"covered_lines": 0, "num_statements": 2, "percent_covered": 0.0, "percent_covered_display": "0.00", "missing_lines": 2, "excluded_lines": 0, "percent_statements_covered": 0.0, "percent_statements_covered_display": "0.00"}, "missing_lines": [66, 67], "excluded_lines": []}, "MQTTMessage.to_dict": {"executed_lines": [], "summary": {"covered_lines": 0, "num_statements": 1, "percent_covered": 0.0, "percent_covered_display": "0.00", "missing_lines": 1, "excluded_lines": 0, "percent_statements_covered": 0.0, "percent_statements_covered_display": "0.00"}, "missing_lines": [71], "excluded_lines": []}, "MQTTMessageHandler.__init__": {"executed_lines": [], "summary": {"covered_lines": 0, "num_statements": 2, "percent_covered": 0.0, "percent_covered_display": "0.00", "missing_lines": 2, "excluded_lines": 0, "percent_statements_covered": 0.0, "percent_statements_covered_display": "0.00"}, "missing_lines": [84, 85], "excluded_lines": []}, "MQTTMessageHandler.can_handle": {"executed_lines": [], "summary": {"covered_lines": 0, "num_statements": 12, "percent_covered": 0.0, "percent_covered_display": "0.00", "missing_lines": 12, "excluded_lines": 0, "percent_statements_covered": 0.0, "percent_statements_covered_display": "0.00"}, "missing_lines": [90, 91, 93, 94, 96, 97, 98, 99, 100, 101, 102, 104], "excluded_lines": []}, "MQTTMessageHandler.handle_message": {"executed_lines": [], "summary": {"covered_lines": 0, "num_statements": 0, "percent_covered": 100.0, "percent_covered_display": "100.00", "missing_lines": 0, "excluded_lines": 1, "percent_statements_covered": 100.0, "percent_statements_covered_display": "100.00"}, "missing_lines": [], "excluded_lines": [108]}, "TelemetryMessageHandler.__init__": {"executed_lines": [], "summary": {"covered_lines": 0, "num_statements": 3, "percent_covered": 0.0, "percent_covered_display": "0.00", "missing_lines": 3, "excluded_lines": 0, "percent_statements_covered": 0.0, "percent_statements_covered_display": "0.00"}, "missing_lines": [115, 116, 117], "excluded_lines": []}, "TelemetryMessageHandler.set_auth_service": {"executed_lines": [], "summary": {"covered_lines": 0, "num_statements": 1, "percent_covered": 0.0, "percent_covered_display": "0.00", "missing_lines": 1, "excluded_lines": 0, "percent_statements_covered": 0.0, "percent_statements_covered_display": "0.00"}, "missing_lines": [121], "excluded_lines": []}, "TelemetryMessageHandler.add_telemetry_callback": {"executed_lines": [], "summary": {"covered_lines": 0, "num_statements": 1, "percent_covered": 0.0, "percent_covered_display": "0.00", "missing_lines": 1, "excluded_lines": 0, "percent_statements_covered": 0.0, "percent_statements_covered_display": "0.00"}, "missing_lines": [125], "excluded_lines": []}, "TelemetryMessageHandler.can_handle": {"executed_lines": [], "summary": {"covered_lines": 0, "num_statements": 6, "percent_covered": 0.0, "percent_covered_display": "0.00", "missing_lines": 6, "excluded_lines": 0, "percent_statements_covered": 0.0, "percent_statements_covered_display": "0.00"}, "missing_lines": [133, 136, 137, 140, 141, 143], "excluded_lines": []}, "TelemetryMessageHandler.handle_message": {"executed_lines": [], "summary": {"covered_lines": 0, "num_statements": 46, "percent_covered": 0.0, "percent_covered_display": "0.00", "missing_lines": 46, "excluded_lines": 0, "percent_statements_covered": 0.0, "percent_statements_covered_display": "0.00"}, "missing_lines": [152, 154, 155, 161, 162, 165, 166, 167, 169, 170, 171, 172, 173, 176, 177, 178, 179, 180, 181, 183, 186, 187, 188, 189, 192, 193, 200, 201, 205, 207, 208, 211, 212, 213, 214, 215, 217, 220, 229, 230, 231, 232, 233, 235, 237, 238], "excluded_lines": []}, "CommandMessageHandler.__init__": {"executed_lines": [], "summary": {"covered_lines": 0, "num_statements": 2, "percent_covered": 0.0, "percent_covered_display": "0.00", "missing_lines": 2, "excluded_lines": 0, "percent_statements_covered": 0.0, "percent_statements_covered_display": "0.00"}, "missing_lines": [245, 246], "excluded_lines": []}, "CommandMessageHandler.add_command_callback": {"executed_lines": [], "summary": {"covered_lines": 0, "num_statements": 1, "percent_covered": 0.0, "percent_covered_display": "0.00", "missing_lines": 1, "excluded_lines": 0, "percent_statements_covered": 0.0, "percent_statements_covered_display": "0.00"}, "missing_lines": [250], "excluded_lines": []}, "CommandMessageHandler.handle_message": {"executed_lines": [], "summary": {"covered_lines": 0, "num_statements": 22, "percent_covered": 0.0, "percent_covered_display": "0.00", "missing_lines": 22, "excluded_lines": 0, "percent_statements_covered": 0.0, "percent_statements_covered_display": "0.00"}, "missing_lines": [254, 255, 256, 257, 258, 260, 261, 264, 265, 266, 267, 268, 270, 273, 282, 283, 284, 285, 286, 288, 290, 291], "excluded_lines": []}, "StatusMessageHandler.__init__": {"executed_lines": [], "summary": {"covered_lines": 0, "num_statements": 3, "percent_covered": 0.0, "percent_covered_display": "0.00", "missing_lines": 3, "excluded_lines": 0, "percent_statements_covered": 0.0, "percent_statements_covered_display": "0.00"}, "missing_lines": [298, 299, 300], "excluded_lines": []}, "StatusMessageHandler.set_app": {"executed_lines": [], "summary": {"covered_lines": 0, "num_statements": 1, "percent_covered": 0.0, "percent_covered_display": "0.00", "missing_lines": 1, "excluded_lines": 0, "percent_statements_covered": 0.0, "percent_statements_covered_display": "0.00"}, "missing_lines": [304], "excluded_lines": []}, "StatusMessageHandler.add_status_callback": {"executed_lines": [], "summary": {"covered_lines": 0, "num_statements": 1, "percent_covered": 0.0, "percent_covered_display": "0.00", "missing_lines": 1, "excluded_lines": 0, "percent_statements_covered": 0.0, "percent_statements_covered_display": "0.00"}, "missing_lines": [308], "excluded_lines": []}, "StatusMessageHandler.handle_message": {"executed_lines": [], "summary": {"covered_lines": 0, "num_statements": 40, "percent_covered": 0.0, "percent_covered_display": "0.00", "missing_lines": 40, "excluded_lines": 0, "percent_statements_covered": 0.0, "percent_statements_covered_display": "0.00"}, "missing_lines": [312, 313, 314, 315, 316, 318, 319, 322, 323, 324, 325, 326, 328, 331, 340, 342, 344, 347, 348, 350, 351, 353, 354, 357, 358, 359, 360, 361, 364, 365, 366, 367, 370, 371, 372, 373, 374, 376, 378, 379], "excluded_lines": []}, "MQTTClientService.__init__": {"executed_lines": [], "summary": {"covered_lines": 0, "num_statements": 22, "percent_covered": 0.0, "percent_covered_display": "0.00", "missing_lines": 22, "excluded_lines": 0, "percent_statements_covered": 0.0, "percent_statements_covered_display": "0.00"}, "missing_lines": [389, 390, 391, 392, 393, 394, 395, 396, 397, 400, 403, 404, 405, 408, 409, 411, 412, 413, 415, 416, 417, 419], "excluded_lines": []}, "MQTTClientService.add_message_handler": {"executed_lines": [], "summary": {"covered_lines": 0, "num_statements": 1, "percent_covered": 0.0, "percent_covered_display": "0.00", "missing_lines": 1, "excluded_lines": 0, "percent_statements_covered": 0.0, "percent_statements_covered_display": "0.00"}, "missing_lines": [423], "excluded_lines": []}, "MQTTClientService.add_telemetry_callback": {"executed_lines": [], "summary": {"covered_lines": 0, "num_statements": 1, "percent_covered": 0.0, "percent_covered_display": "0.00", "missing_lines": 1, "excluded_lines": 0, "percent_statements_covered": 0.0, "percent_statements_covered_display": "0.00"}, "missing_lines": [427], "excluded_lines": []}, "MQTTClientService.add_command_callback": {"executed_lines": [], "summary": {"covered_lines": 0, "num_statements": 1, "percent_covered": 0.0, "percent_covered_display": "0.00", "missing_lines": 1, "excluded_lines": 0, "percent_statements_covered": 0.0, "percent_statements_covered_display": "0.00"}, "missing_lines": [431], "excluded_lines": []}, "MQTTClientService.add_status_callback": {"executed_lines": [], "summary": {"covered_lines": 0, "num_statements": 1, "percent_covered": 0.0, "percent_covered_display": "0.00", "missing_lines": 1, "excluded_lines": 0, "percent_statements_covered": 0.0, "percent_statements_covered_display": "0.00"}, "missing_lines": [435], "excluded_lines": []}, "MQTTClientService._setup_client": {"executed_lines": [], "summary": {"covered_lines": 0, "num_statements": 14, "percent_covered": 0.0, "percent_covered_display": "0.00", "missing_lines": 14, "excluded_lines": 0, "percent_statements_covered": 0.0, "percent_statements_covered_display": "0.00"}, "missing_lines": [439, 440, 443, 444, 447, 448, 451, 452, 453, 454, 455, 456, 459, 460], "excluded_lines": []}, "MQTTClientService._setup_tls": {"executed_lines": [], "summary": {"covered_lines": 0, "num_statements": 9, "percent_covered": 0.0, "percent_covered_display": "0.00", "missing_lines": 9, "excluded_lines": 0, "percent_statements_covered": 0.0, "percent_statements_covered_display": "0.00"}, "missing_lines": [464, 466, 467, 469, 470, 472, 473, 474, 476], "excluded_lines": []}, "MQTTClientService.connect": {"executed_lines": [], "summary": {"covered_lines": 0, "num_statements": 23, "percent_covered": 0.0, "percent_covered_display": "0.00", "missing_lines": 23, "excluded_lines": 0, "percent_statements_covered": 0.0, "percent_statements_covered_display": "0.00"}, "missing_lines": [480, 481, 482, 484, 486, 487, 489, 491, 494, 496, 497, 498, 499, 501, 502, 503, 505, 506, 508, 509, 511, 512, 513], "excluded_lines": []}, "MQTTClientService.disconnect": {"executed_lines": [], "summary": {"covered_lines": 0, "num_statements": 8, "percent_covered": 0.0, "percent_covered_display": "0.00", "missing_lines": 8, "excluded_lines": 0, "percent_statements_covered": 0.0, "percent_statements_covered_display": "0.00"}, "missing_lines": [517, 518, 519, 520, 521, 522, 523, 524], "excluded_lines": []}, "MQTTClientService.publish": {"executed_lines": [], "summary": {"covered_lines": 0, "num_statements": 16, "percent_covered": 0.0, "percent_covered_display": "0.00", "missing_lines": 16, "excluded_lines": 0, "percent_statements_covered": 0.0, "percent_statements_covered_display": "0.00"}, "missing_lines": [539, 540, 541, 543, 545, 548, 549, 552, 554, 555, 556, 558, 559, 561, 562, 563], "excluded_lines": []}, "MQTTClientService.subscribe": {"executed_lines": [], "summary": {"covered_lines": 0, "num_statements": 18, "percent_covered": 0.0, "percent_covered_display": "0.00", "missing_lines": 18, "excluded_lines": 0, "percent_statements_covered": 0.0, "percent_statements_covered_display": "0.00"}, "missing_lines": [577, 578, 579, 581, 582, 584, 586, 587, 590, 591, 592, 593, 595, 597, 598, 600, 601, 602], "excluded_lines": []}, "MQTTClientService.subscribe_to_device_topics": {"executed_lines": [], "summary": {"covered_lines": 0, "num_statements": 8, "percent_covered": 0.0, "percent_covered_display": "0.00", "missing_lines": 8, "excluded_lines": 0, "percent_statements_covered": 0.0, "percent_statements_covered_display": "0.00"}, "missing_lines": [606, 607, 609, 610, 613, 614, 615, 617], "excluded_lines": []}, "MQTTClientService.subscribe_to_system_topics": {"executed_lines": [], "summary": {"covered_lines": 0, "num_statements": 14, "percent_covered": 0.0, "percent_covered_display": "0.00", "missing_lines": 14, "excluded_lines": 0, "percent_statements_covered": 0.0, "percent_statements_covered_display": "0.00"}, "missing_lines": [621, 622, 623, 626, 634, 635, 636, 637, 638, 639, 640, 642, 644, 646], "excluded_lines": []}, "MQTTClientService._on_connect": {"executed_lines": [], "summary": {"covered_lines": 0, "num_statements": 9, "percent_covered": 0.0, "percent_covered_display": "0.00", "missing_lines": 9, "excluded_lines": 0, "percent_statements_covered": 0.0, "percent_statements_covered_display": "0.00"}, "missing_lines": [650, 651, 652, 655, 656, 657, 658, 660, 663], "excluded_lines": []}, "MQTTClientService._on_disconnect": {"executed_lines": [], "summary": {"covered_lines": 0, "num_statements": 6, "percent_covered": 0.0, "percent_covered_display": "0.00", "missing_lines": 6, "excluded_lines": 0, "percent_statements_covered": 0.0, "percent_statements_covered_display": "0.00"}, "missing_lines": [667, 668, 669, 672, 673, 675], "excluded_lines": []}, "MQTTClientService._on_message": {"executed_lines": [], "summary": {"covered_lines": 0, "num_statements": 26, "percent_covered": 0.0, "percent_covered_display": "0.00", "missing_lines": 26, "excluded_lines": 0, "percent_statements_covered": 0.0, "percent_statements_covered_display": "0.00"}, "missing_lines": [679, 681, 688, 691, 694, 695, 696, 699, 700, 701, 703, 706, 707, 708, 709, 710, 713, 714, 715, 718, 719, 720, 721, 722, 724, 725], "excluded_lines": []}, "MQTTClientService._on_publish": {"executed_lines": [], "summary": {"covered_lines": 0, "num_statements": 1, "percent_covered": 0.0, "percent_covered_display": "0.00", "missing_lines": 1, "excluded_lines": 0, "percent_statements_covered": 0.0, "percent_statements_covered_display": "0.00"}, "missing_lines": [729], "excluded_lines": []}, "MQTTClientService._on_subscribe": {"executed_lines": [], "summary": {"covered_lines": 0, "num_statements": 1, "percent_covered": 0.0, "percent_covered_display": "0.00", "missing_lines": 1, "excluded_lines": 0, "percent_statements_covered": 0.0, "percent_statements_covered_display": "0.00"}, "missing_lines": [733], "excluded_lines": []}, "MQTTClientService._on_log": {"executed_lines": [], "summary": {"covered_lines": 0, "num_statements": 8, "percent_covered": 0.0, "percent_covered_display": "0.00", "missing_lines": 8, "excluded_lines": 0, "percent_statements_covered": 0.0, "percent_statements_covered_display": "0.00"}, "missing_lines": [737, 738, 739, 740, 741, 742, 743, 744], "excluded_lines": []}, "MQTTClientService._topic_matches_pattern": {"executed_lines": [], "summary": {"covered_lines": 0, "num_statements": 12, "percent_covered": 0.0, "percent_covered_display": "0.00", "missing_lines": 12, "excluded_lines": 0, "percent_statements_covered": 0.0, "percent_statements_covered_display": "0.00"}, "missing_lines": [748, 749, 751, 752, 754, 755, 756, 757, 758, 759, 760, 762], "excluded_lines": []}, "MQTTClientService._attempt_reconnect": {"executed_lines": [], "summary": {"covered_lines": 0, "num_statements": 3, "percent_covered": 0.0, "percent_covered_display": "0.00", "missing_lines": 3, "excluded_lines": 0, "percent_statements_covered": 0.0, "percent_statements_covered_display": "0.00"}, "missing_lines": [767, 784, 785], "excluded_lines": []}, "MQTTClientService._attempt_reconnect.reconnect_thread": {"executed_lines": [], "summary": {"covered_lines": 0, "num_statements": 13, "percent_covered": 0.0, "percent_covered_display": "0.00", "missing_lines": 13, "excluded_lines": 0, "percent_statements_covered": 0.0, "percent_statements_covered_display": "0.00"}, "missing_lines": [768, 769, 770, 771, 772, 773, 774, 775, 777, 778, 779, 781, 782], "excluded_lines": []}, "MQTTClientService.get_connection_status": {"executed_lines": [], "summary": {"covered_lines": 0, "num_statements": 1, "percent_covered": 0.0, "percent_covered_display": "0.00", "missing_lines": 1, "excluded_lines": 0, "percent_statements_covered": 0.0, "percent_statements_covered_display": "0.00"}, "missing_lines": [789], "excluded_lines": []}, "create_mqtt_service": {"executed_lines": [], "summary": {"covered_lines": 0, "num_statements": 2, "percent_covered": 0.0, "percent_covered_display": "0.00", "missing_lines": 2, "excluded_lines": 0, "percent_statements_covered": 0.0, "percent_statements_covered_display": "0.00"}, "missing_lines": [813, 835], "excluded_lines": []}, "": {"executed_lines": [], "summary": {"covered_lines": 0, "num_statements": 85, "percent_covered": 0.0, "percent_covered_display": "0.00", "missing_lines": 85, "excluded_lines": 0, "percent_statements_covered": 0.0, "percent_statements_covered_display": "0.00"}, "missing_lines": [6, 7, 8, 9, 10, 11, 12, 13, 15, 17, 18, 19, 22, 23, 26, 27, 28, 29, 30, 31, 32, 35, 36, 37, 38, 39, 40, 43, 44, 45, 48, 49, 52, 55, 56, 59, 60, 61, 62, 63, 65, 69, 80, 83, 87, 106, 111, 114, 119, 123, 127, 145, 241, 244, 248, 252, 294, 297, 302, 306, 310, 382, 388, 421, 425, 429, 433, 437, 462, 478, 515, 526, 565, 604, 619, 648, 665, 677, 727, 731, 735, 746, 764, 787, 801], "excluded_lines": []}}, "classes": {"MQTTConfig": {"executed_lines": [], "summary": {"covered_lines": 0, "num_statements": 0, "percent_covered": 100.0, "percent_covered_display": "100.00", "missing_lines": 0, "excluded_lines": 0, "percent_statements_covered": 100.0, "percent_statements_covered_display": "100.00"}, "missing_lines": [], "excluded_lines": []}, "MQTTMessage": {"executed_lines": [], "summary": {"covered_lines": 0, "num_statements": 3, "percent_covered": 0.0, "percent_covered_display": "0.00", "missing_lines": 3, "excluded_lines": 0, "percent_statements_covered": 0.0, "percent_statements_covered_display": "0.00"}, "missing_lines": [66, 67, 71], "excluded_lines": []}, "MQTTMessageHandler": {"executed_lines": [], "summary": {"covered_lines": 0, "num_statements": 14, "percent_covered": 0.0, "percent_covered_display": "0.00", "missing_lines": 14, "excluded_lines": 1, "percent_statements_covered": 0.0, "percent_statements_covered_display": "0.00"}, "missing_lines": [84, 85, 90, 91, 93, 94, 96, 97, 98, 99, 100, 101, 102, 104], "excluded_lines": [108]}, "TelemetryMessageHandler": {"executed_lines": [], "summary": {"covered_lines": 0, "num_statements": 57, "percent_covered": 0.0, "percent_covered_display": "0.00", "missing_lines": 57, "excluded_lines": 0, "percent_statements_covered": 0.0, "percent_statements_covered_display": "0.00"}, "missing_lines": [115, 116, 117, 121, 125, 133, 136, 137, 140, 141, 143, 152, 154, 155, 161, 162, 165, 166, 167, 169, 170, 171, 172, 173, 176, 177, 178, 179, 180, 181, 183, 186, 187, 188, 189, 192, 193, 200, 201, 205, 207, 208, 211, 212, 213, 214, 215, 217, 220, 229, 230, 231, 232, 233, 235, 237, 238], "excluded_lines": []}, "CommandMessageHandler": {"executed_lines": [], "summary": {"covered_lines": 0, "num_statements": 25, "percent_covered": 0.0, "percent_covered_display": "0.00", "missing_lines": 25, "excluded_lines": 0, "percent_statements_covered": 0.0, "percent_statements_covered_display": "0.00"}, "missing_lines": [245, 246, 250, 254, 255, 256, 257, 258, 260, 261, 264, 265, 266, 267, 268, 270, 273, 282, 283, 284, 285, 286, 288, 290, 291], "excluded_lines": []}, "StatusMessageHandler": {"executed_lines": [], "summary": {"covered_lines": 0, "num_statements": 45, "percent_covered": 0.0, "percent_covered_display": "0.00", "missing_lines": 45, "excluded_lines": 0, "percent_statements_covered": 0.0, "percent_statements_covered_display": "0.00"}, "missing_lines": [298, 299, 300, 304, 308, 312, 313, 314, 315, 316, 318, 319, 322, 323, 324, 325, 326, 328, 331, 340, 342, 344, 347, 348, 350, 351, 353, 354, 357, 358, 359, 360, 361, 364, 365, 366, 367, 370, 371, 372, 373, 374, 376, 378, 379], "excluded_lines": []}, "MQTTClientService": {"executed_lines": [], "summary": {"covered_lines": 0, "num_statements": 216, "percent_covered": 0.0, "percent_covered_display": "0.00", "missing_lines": 216, "excluded_lines": 0, "percent_statements_covered": 0.0, "percent_statements_covered_display": "0.00"}, "missing_lines": [389, 390, 391, 392, 393, 394, 395, 396, 397, 400, 403, 404, 405, 408, 409, 411, 412, 413, 415, 416, 417, 419, 423, 427, 431, 435, 439, 440, 443, 444, 447, 448, 451, 452, 453, 454, 455, 456, 459, 460, 464, 466, 467, 469, 470, 472, 473, 474, 476, 480, 481, 482, 484, 486, 487, 489, 491, 494, 496, 497, 498, 499, 501, 502, 503, 505, 506, 508, 509, 511, 512, 513, 517, 518, 519, 520, 521, 522, 523, 524, 539, 540, 541, 543, 545, 548, 549, 552, 554, 555, 556, 558, 559, 561, 562, 563, 577, 578, 579, 581, 582, 584, 586, 587, 590, 591, 592, 593, 595, 597, 598, 600, 601, 602, 606, 607, 609, 610, 613, 614, 615, 617, 621, 622, 623, 626, 634, 635, 636, 637, 638, 639, 640, 642, 644, 646, 650, 651, 652, 655, 656, 657, 658, 660, 663, 667, 668, 669, 672, 673, 675, 679, 681, 688, 691, 694, 695, 696, 699, 700, 701, 703, 706, 707, 708, 709, 710, 713, 714, 715, 718, 719, 720, 721, 722, 724, 725, 729, 733, 737, 738, 739, 740, 741, 742, 743, 744, 748, 749, 751, 752, 754, 755, 756, 757, 758, 759, 760, 762, 767, 768, 769, 770, 771, 772, 773, 774, 775, 777, 778, 779, 781, 782, 784, 785, 789], "excluded_lines": []}, "": {"executed_lines": [], "summary": {"covered_lines": 0, "num_statements": 87, "percent_covered": 0.0, "percent_covered_display": "0.00", "missing_lines": 87, "excluded_lines": 0, "percent_statements_covered": 0.0, "percent_statements_covered_display": "0.00"}, "missing_lines": [6, 7, 8, 9, 10, 11, 12, 13, 15, 17, 18, 19, 22, 23, 26, 27, 28, 29, 30, 31, 32, 35, 36, 37, 38, 39, 40, 43, 44, 45, 48, 49, 52, 55, 56, 59, 60, 61, 62, 63, 65, 69, 80, 83, 87, 106, 111, 114, 119, 123, 127, 145, 241, 244, 248, 252, 294, 297, 302, 306, 310, 382, 388, 421, 425, 429, 433, 437, 462, 478, 515, 526, 565, 604, 619, 648, 665, 677, 727, 731, 735, 746, 764, 787, 801, 813, 835], "excluded_lines": []}}}, "src/mqtt/mqtt_client.py": {"executed_lines": [1, 2, 3, 4, 5, 8, 9, 11, 12, 16, 42], "summary": {"covered_lines": 11, "num_statements": 31, "percent_covered": 35.483870967741936, "percent_covered_display": "35.48", "missing_lines": 20, "excluded_lines": 0, "percent_statements_covered": 35.483870967741936, "percent_statements_covered_display": "35.48"}, "missing_lines": [18, 19, 21, 22, 23, 26, 27, 28, 29, 30, 31, 32, 33, 34, 35, 37, 38, 43, 44, 45], "excluded_lines": [], "functions": {"connect_mqtt": {"executed_lines": [], "summary": {"covered_lines": 0, "num_statements": 17, "percent_covered": 0.0, "percent_covered_display": "0.00", "missing_lines": 17, "excluded_lines": 0, "percent_statements_covered": 0.0, "percent_statements_covered_display": "0.00"}, "missing_lines": [18, 19, 21, 22, 23, 26, 27, 28, 29, 30, 31, 32, 33, 34, 35, 37, 38], "excluded_lines": []}, "publish_device_command": {"executed_lines": [], "summary": {"covered_lines": 0, "num_statements": 3, "percent_covered": 0.0, "percent_covered_display": "0.00", "missing_lines": 3, "excluded_lines": 0, "percent_statements_covered": 0.0, "percent_statements_covered_display": "0.00"}, "missing_lines": [43, 44, 45], "excluded_lines": []}, "": {"executed_lines": [1, 2, 3, 4, 5, 8, 9, 11, 12, 16, 42], "summary": {"covered_lines": 11, "num_statements": 11, "percent_covered": 100.0, "percent_covered_display": "100.00", "missing_lines": 0, "excluded_lines": 0, "percent_statements_covered": 100.0, "percent_statements_covered_display": "100.00"}, "missing_lines": [], "excluded_lines": []}}, "classes": {"": {"executed_lines": [1, 2, 3, 4, 5, 8, 9, 11, 12, 16, 42], "summary": {"covered_lines": 11, "num_statements": 31, "percent_covered": 35.483870967741936, "percent_covered_display": "35.48", "missing_lines": 20, "excluded_lines": 0, "percent_statements_covered": 35.483870967741936, "percent_statements_covered_display": "35.48"}, "missing_lines": [18, 19, 21, 22, 23, 26, 27, 28, 29, 30, 31, 32, 33, 34, 35, 37, 38, 43, 44, 45], "excluded_lines": []}}}, "src/mqtt/topics.py": {"executed_lines": [1, 6, 7, 8, 11, 12, 14, 15, 16, 19, 20, 22, 23, 24, 25, 26, 27, 28, 29, 30, 31, 34, 35, 36, 38, 39, 40, 41, 42, 45, 46, 81, 84, 239, 240, 266, 267, 273, 274, 282, 283, 291, 292, 307, 308, 333, 334], "summary": {"covered_lines": 42, "num_statements": 92, "percent_covered": 45.65217391304348, "percent_covered_display": "45.65", "missing_lines": 50, "excluded_lines": 0, "percent_statements_covered": 45.65217391304348, "percent_statements_covered_display": "45.65"}, "missing_lines": [255, 256, 258, 260, 261, 262, 263, 264, 269, 270, 271, 276, 277, 278, 279, 280, 285, 286, 287, 288, 289, 294, 305, 318, 319, 322, 323, 324, 325, 328, 329, 331, 344, 345, 348, 349, 351, 359, 360, 362, 363, 364, 365, 366, 368, 369, 370, 372, 373, 375], "excluded_lines": [], "functions": {"MQTTTopicManager.get_topic": {"executed_lines": [], "summary": {"covered_lines": 0, "num_statements": 8, "percent_covered": 0.0, "percent_covered_display": "0.00", "missing_lines": 8, "excluded_lines": 0, "percent_statements_covered": 0.0, "percent_statements_covered_display": "0.00"}, "missing_lines": [255, 256, 258, 260, 261, 262, 263, 264], "excluded_lines": []}, "MQTTTopicManager.get_topic_structure": {"executed_lines": [], "summary": {"covered_lines": 0, "num_statements": 3, "percent_covered": 0.0, "percent_covered_display": "0.00", "missing_lines": 3, "excluded_lines": 0, "percent_statements_covered": 0.0, "percent_statements_covered_display": "0.00"}, "missing_lines": [269, 270, 271], "excluded_lines": []}, "MQTTTopicManager.get_device_topics": {"executed_lines": [], "summary": {"covered_lines": 0, "num_statements": 5, "percent_covered": 0.0, "percent_covered_display": "0.00", "missing_lines": 5, "excluded_lines": 0, "percent_statements_covered": 0.0, "percent_statements_covered_display": "0.00"}, "missing_lines": [276, 277, 278, 279, 280], "excluded_lines": []}, "MQTTTopicManager.get_fleet_topics": {"executed_lines": [], "summary": {"covered_lines": 0, "num_statements": 5, "percent_covered": 0.0, "percent_covered_display": "0.00", "missing_lines": 5, "excluded_lines": 0, "percent_statements_covered": 0.0, "percent_statements_covered_display": "0.00"}, "missing_lines": [285, 286, 287, 288, 289], "excluded_lines": []}, "MQTTTopicManager.get_wildcard_patterns": {"executed_lines": [], "summary": {"covered_lines": 0, "num_statements": 2, "percent_covered": 0.0, "percent_covered_display": "0.00", "missing_lines": 2, "excluded_lines": 0, "percent_statements_covered": 0.0, "percent_statements_covered_display": "0.00"}, "missing_lines": [294, 305], "excluded_lines": []}, "MQTTTopicManager.validate_topic": {"executed_lines": [], "summary": {"covered_lines": 0, "num_statements": 9, "percent_covered": 0.0, "percent_covered_display": "0.00", "missing_lines": 9, "excluded_lines": 0, "percent_statements_covered": 0.0, "percent_statements_covered_display": "0.00"}, "missing_lines": [318, 319, 322, 323, 324, 325, 328, 329, 331], "excluded_lines": []}, "MQTTTopicManager.parse_topic": {"executed_lines": [], "summary": {"covered_lines": 0, "num_statements": 18, "percent_covered": 0.0, "percent_covered_display": "0.00", "missing_lines": 18, "excluded_lines": 0, "percent_statements_covered": 0.0, "percent_statements_covered_display": "0.00"}, "missing_lines": [344, 345, 348, 349, 351, 359, 360, 362, 363, 364, 365, 366, 368, 369, 370, 372, 373, 375], "excluded_lines": []}, "": {"executed_lines": [1, 6, 7, 8, 11, 12, 14, 15, 16, 19, 20, 22, 23, 24, 25, 26, 27, 28, 29, 30, 31, 34, 35, 36, 38, 39, 40, 41, 42, 45, 46, 81, 84, 239, 240, 266, 267, 273, 274, 282, 283, 291, 292, 307, 308, 333, 334], "summary": {"covered_lines": 42, "num_statements": 42, "percent_covered": 100.0, "percent_covered_display": "100.00", "missing_lines": 0, "excluded_lines": 0, "percent_statements_covered": 100.0, "percent_statements_covered_display": "100.00"}, "missing_lines": [], "excluded_lines": []}}, "classes": {"QoSLevel": {"executed_lines": [], "summary": {"covered_lines": 0, "num_statements": 0, "percent_covered": 100.0, "percent_covered_display
[...]
, "MQTTAuthService.is_device_registered_for_mqtt": {"executed_lines": [], "summary": {"covered_lines": 0, "num_statements": 12, "percent_covered": 0.0, "percent_covered_display": "0.00", "missing_lines": 12, "excluded_lines": 0, "percent_statements_covered": 0.0, "percent_statements_covered_display": "0.00"}, "missing_lines": [357, 359, 360, 361, 364, 365, 366, 369, 370, 372, 373, 374], "excluded_lines": []}, "": {"executed_lines": [1, 7, 8, 9, 11, 12, 13, 19, 22, 23, 25, 30, 77, 100, 150, 273, 291, 299, 317, 352], "summary": {"covered_lines": 18, "num_statements": 18, "percent_covered": 100.0, "percent_covered_display": "100.00", "missing_lines": 0, "excluded_lines": 0, "percent_statements_covered": 100.0, "percent_statements_covered_display": "100.00"}, "missing_lines": [], "excluded_lines": []}}, "classes": {"MQTTAuthService": {"executed_lines": [26, 27, 28, 35, 39, 40, 42, 44, 45, 46, 49, 57, 60, 63, 66, 71], "summary": {"covered_lines": 16, "num_statements": 159, "percent_covered": 10.062893081761006, "percent_covered_display": "10.06", "missing_lines": 143, "excluded_lines": 0, "percent_statements_covered": 10.062893081761006, "percent_statements_covered_display": "10.06"}, "missing_lines": [36, 37, 64, 73, 74, 75, 82, 84, 85, 86, 87, 90, 91, 92, 94, 96, 97, 98, 104, 106, 107, 108, 109, 110, 111, 112, 121, 128, 134, 135, 138, 139, 142, 143, 145, 146, 147, 148, 155, 156, 157, 159, 160, 162, 163, 164, 165, 168, 169, 170, 171, 172, 175, 180, 181, 182, 185, 186, 187, 188, 191, 192, 193, 194, 197, 199, 200, 201, 205, 208, 211, 214, 215, 219, 227, 228, 229, 230, 234, 236, 239, 242, 251, 252, 255, 256, 257, 259, 264, 266, 267, 269, 270, 271, 278, 279, 280, 281, 286, 287, 288, 289, 295, 296, 297, 303, 304, 305, 306, 307, 308, 310, 312, 314, 315, 322, 323, 325, 326, 328, 330, 331, 334, 337, 338, 341, 343, 346, 348, 349, 350, 357, 359, 360, 361, 364, 365, 366, 369, 370, 372, 373, 374], "excluded_lines": []}, "": {"executed_lines": [1, 7, 8, 9, 11, 12, 13, 19, 22, 23, 25, 30, 77, 100, 150, 273, 291, 299, 317, 352], "summary": {"covered_lines": 18, "num_statements": 18, "percent_covered": 100.0, "percent_covered_display": "100.00", "missing_lines": 0, "excluded_lines": 0, "percent_statements_covered": 100.0, "percent_statements_covered_display": "100.00"}, "missing_lines": [], "excluded_lines": []}}}, "src/utils/__init__.py": {"executed_lines": [0], "summary": {"covered_lines": 0, "num_statements": 0, "percent_covered": 100.0, "percent_covered_display": "100.00", "missing_lines": 0, "excluded_lines": 0, "percent_statements_covered": 100.0, "percent_statements_covered_display": "100.00"}, "missing_lines": [], "excluded_lines": [], "functions": {"": {"executed_lines": [], "summary": {"covered_lines": 0, "num_statements": 0, "percent_covered": 100.0, "percent_covered_display": "100.00", "missing_lines": 0, "excluded_lines": 0, "percent_statements_covered": 100.0, "percent_statements_covered_display": "100.00"}, "missing_lines": [], "excluded_lines": []}}, "classes": {"": {"executed_lines": [], "summary": {"covered_lines": 0, "num_statements": 0, "percent_covered": 100.0, "percent_covered_display": "100.00", "missing_lines": 0, "excluded_lines": 0, "percent_statements_covered": 100.0, "percent_statements_covered_display": "100.00"}, "missing_lines": [], "excluded_lines": []}}}, "src/utils/logging.py": {"executed_lines": [1, 2, 3, 4, 7, 56, 58, 61, 82], "summary": {"covered_lines": 9, "num_statements": 47, "percent_covered": 19.148936170212767, "percent_covered_display": "19.15", "missing_lines": 38, "excluded_lines": 0, "percent_statements_covered": 19.148936170212767, "percent_statements_covered_display": "19.15"}, "missing_lines": [11, 12, 13, 16, 19, 22, 23, 24, 27, 28, 29, 32, 33, 34, 35, 38, 39, 40, 43, 44, 45, 48, 49, 50, 51, 53, 63, 65, 73, 74, 76, 77, 79, 84, 86, 92, 93, 95], "excluded_lines": [], "functions": {"setup_logging": {"executed_lines": [], "summary": {"covered_lines": 0, "num_statements": 26, "percent_covered": 0.0, "percent_covered_display": "0.00", "missing_lines": 26, "excluded_lines": 0, "percent_statements_covered": 0.0, "percent_statements_covered_display": "0.00"}, "missing_lines": [11, 12, 13, 16, 19, 22, 23, 24, 27, 28, 29, 32, 33, 34, 35, 38, 39, 40, 43, 44, 45, 48, 49, 50, 51, 53], "excluded_lines": []}, "get_logger": {"executed_lines": [58], "summary": {"covered_lines": 1, "num_statements": 1, "percent_covered": 100.0, "percent_covered_display": "100.00", "missing_lines": 0, "excluded_lines": 0, "percent_statements_covered": 100.0, "percent_statements_covered_display": "100.00"}, "missing_lines": [], "excluded_lines": []}, "log_request": {"executed_lines": [], "summary": {"covered_lines": 0, "num_statements": 7, "percent_covered": 0.0, "percent_covered_display": "0.00", "missing_lines": 7, "excluded_lines": 0, "percent_statements_covered": 0.0, "percent_statements_covered_display": "0.00"}, "missing_lines": [63, 65, 73, 74, 76, 77, 79], "excluded_lines": []}, "log_device_activity": {"executed_lines": [], "summary": {"covered_lines": 0, "num_statements": 5, "percent_covered": 0.0, "percent_covered_display": "0.00", "missing_lines": 5, "excluded_lines": 0, "percent_statements_covered": 0.0, "percent_statements_covered_display": "0.00"}, "missing_lines": [84, 86, 92, 93, 95], "excluded_lines": []}, "": {"executed_lines": [1, 2, 3, 4, 7, 56, 61, 82], "summary": {"covered_lines": 8, "num_statements": 8, "percent_covered": 100.0, "percent_covered_display": "100.00", "missing_lines": 0, "excluded_lines": 0, "percent_statements_covered": 100.0, "percent_statements_covered_display": "100.00"}, "missing_lines": [], "excluded_lines": []}}, "classes": {"": {"executed_lines": [1, 2, 3, 4, 7, 56, 58, 61, 82], "summary": {"covered_lines": 9, "num_statements": 47, "percent_covered": 19.148936170212767, "percent_covered_display": "19.15", "missing_lines": 38, "excluded_lines": 0, "percent_statements_covered": 19.148936170212767, "percent_statements_covered_display": "19.15"}, "missing_lines": [11, 12, 13, 16, 19, 22, 23, 24, 27, 28, 29, 32, 33, 34, 35, 38, 39, 40, 43, 44, 45, 48, 49, 50, 51, 53, 63, 65, 73, 74, 76, 77, 79, 84, 86, 92, 93, 95], "excluded_lines": []}}}, "src/utils/redis_util.py": {"executed_lines": [1, 6, 7, 8, 9, 11, 14, 15, 17, 23, 36, 50, 63, 78, 95, 98, 113, 155, 156, 159, 163, 165, 166, 167, 168, 171, 174, 176, 178, 179, 181, 184, 192, 194, 197, 206, 207, 210, 212, 214, 215, 218, 237, 238, 239, 241, 243, 244], "summary": {"covered_lines": 46, "num_statements": 131, "percent_covered": 35.11450381679389, "percent_covered_display": "35.11", "missing_lines": 85, "excluded_lines": 0, "percent_statements_covered": 35.11450381679389, "percent_statements_covered_display": "35.11"}, "missing_lines": [18, 19, 20, 21, 25, 26, 28, 29, 30, 31, 32, 33, 34, 38, 39, 41, 42, 43, 44, 45, 46, 47, 48, 52, 53, 55, 56, 57, 58, 59, 60, 61, 65, 66, 68, 69, 70, 71, 72, 73, 74, 75, 76, 80, 81, 83, 84, 85, 86, 87, 88, 89, 90, 91, 101, 102, 103, 105, 106, 107, 108, 109, 110, 122, 123, 124, 125, 127, 129, 130, 133, 134, 135, 136, 141, 144, 147, 148, 150, 151, 227, 228, 229, 234, 235], "excluded_lines": [], "functions": {"DeviceRedisUtil.__init__": {"executed_lines": [], "summary": {"covered_lines": 0, "num_statements": 4, "percent_covered": 0.0, "percent_covered_display": "0.00", "missing_lines": 4, "excluded_lines": 0, "percent_statements_covered": 0.0, "percent_statements_covered_display": "0.00"}, "missing_lines": [18, 19, 20, 21], "excluded_lines": []}, "DeviceRedisUtil._initialize_redis": {"executed_lines": [], "summary": {"covered_lines": 0, "num_statements": 9, "percent_covered": 0.0, "percent_covered_display": "0.00", "missing_lines": 9, "excluded_lines": 0, "percent_statements_covered": 0.0, "percent_statements_covered_display": "0.00"}, "missing_lines": [25, 26, 28, 29, 30, 31, 32, 33, 34], "excluded_lines": []}, "DeviceRedisUtil.set_device_status": {"executed_lines": [], "summary": {"covered_lines": 0, "num_statements": 10, "percent_covered": 0.0, "percent_covered_display": "0.00", "missing_lines": 10, "excluded_lines": 0, "percent_statements_covered": 0.0, "percent_statements_covered_display": "0.00"}, "missing_lines": [38, 39, 41, 42, 43, 44, 45, 46, 47, 48], "excluded_lines": []}, "DeviceRedisUtil.get_device_status": {"executed_lines": [], "summary": {"covered_lines": 0, "num_statements": 9, "percent_covered": 0.0, "percent_covered_display": "0.00", "missing_lines": 9, "excluded_lines": 0, "percent_statements_covered": 0.0, "percent_statements_covered_display": "0.00"}, "missing_lines": [52, 53, 55, 56, 57, 58, 59, 60, 61], "excluded_lines": []}, "DeviceRedisUtil.set_device_last_seen": {"executed_lines": [], "summary": {"covered_lines": 0, "num_statements": 11, "percent_covered": 0.0, "percent_covered_display": "0.00", "missing_lines": 11, "excluded_lines": 0, "percent_statements_covered": 0.0, "percent_statements_covered_display": "0.00"}, "missing_lines": [65, 66, 68, 69, 70, 71, 72, 73, 74, 75, 76], "excluded_lines": []}, "DeviceRedisUtil.get_device_last_seen": {"executed_lines": [], "summary": {"covered_lines": 0, "num_statements": 11, "percent_covered": 0.0, "percent_covered_display": "0.00", "missing_lines": 11, "excluded_lines": 0, "percent_statements_covered": 0.0, "percent_statements_covered_display": "0.00"}, "missing_lines": [80, 81, 83, 84, 85, 86, 87, 88, 89, 90, 91], "excluded_lines": []}, "get_redis_util": {"executed_lines": [], "summary": {"covered_lines": 0, "num_statements": 9, "percent_covered": 0.0, "percent_covered_display": "0.00", "missing_lines": 9, "excluded_lines": 0, "percent_statements_covered": 0.0, "percent_statements_covered_display": "0.00"}, "missing_lines": [101, 102, 103, 105, 106, 107, 108, 109, 110], "excluded_lines": []}, "sync_device_status_safe": {"executed_lines": [], "summary": {"covered_lines": 0, "num_statements": 17, "percent_covered": 0.0, "percent_covered_display": "0.00", "missing_lines": 17, "excluded_lines": 0, "percent_statements_covered": 0.0, "percent_statements_covered_display": "0.00"}, "missing_lines": [122, 123, 124, 125, 127, 129, 130, 133, 134, 135, 136, 141, 144, 147, 148, 150, 151], "excluded_lines": []}, "_get_standalone_db_session": {"executed_lines": [163, 165, 166, 167, 168, 171, 174, 176, 178, 179, 181, 184, 192, 194], "summary": {"covered_lines": 14, "num_statements": 14, "percent_covered": 100.0, "percent_covered_display": "100.00", "missing_lines": 0, "excluded_lines": 0, "percent_statements_covered": 100.0, "percent_statements_covered_display": "100.00"}, "missing_lines": [], "excluded_lines": []}, "_sync_to_database_standalone": {"executed_lines": [206, 207, 210, 212, 214, 215, 218, 237, 238, 239, 241, 243, 244], "summary": {"covered_lines": 13, "num_statements": 18, "percent_covered": 72.22222222222223, "percent_covered_display": "72.22", "missing_lines": 5, "excluded_lines": 0, "percent_statements_covered": 72.22222222222223, "percent_statements_covered_display": "72.22"}, "missing_lines": [227, 228, 229, 234, 235], "excluded_lines": []}, "": {"executed_lines": [1, 6, 7, 8, 9, 11, 14, 15, 17, 23, 36, 50, 63, 78, 95, 98, 113, 155, 156, 159, 197], "summary": {"covered_lines": 19, "num_statements": 19, "percent_covered": 100.0, "percent_covered_display": "100.00", "missing_lines": 0, "excluded_lines": 0, "percent_statements_covered": 100.0, "percent_statements_covered_display": "100.00"}, "missing_lines": [], "excluded_lines": []}}, "classes": {"DeviceRedisUtil": {"executed_lines": [], "summary": {"covered_lines": 0, "num_statements": 54, "percent_covered": 0.0, "percent_covered_display": "0.00", "missing_lines": 54, "excluded_lines": 0, "percent_statements_covered": 0.0, "percent_statements_covered_display": "0.00"}, "missing_lines": [18, 19, 20, 21, 25, 26, 28, 29, 30, 31, 32, 33, 34, 38, 39, 41, 42, 43, 44, 45, 46, 47, 48, 52, 53, 55, 56, 57, 58, 59, 60, 61, 65, 66, 68, 69, 70, 71, 72, 73, 74, 75, 76, 80, 81, 83, 84, 85, 86, 87, 88, 89, 90, 91], "excluded_lines": []}, "": {"executed_lines": [1, 6, 7, 8, 9, 11, 14, 15, 17, 23, 36, 50, 63, 78, 95, 98, 113, 155, 156, 159, 163, 165, 166, 167, 168, 171, 174, 176, 178, 179, 181, 184, 192, 194, 197, 206, 207, 210, 212, 214, 215, 218, 237, 238, 239, 241, 243, 244], "summary": {"covered_lines": 46, "num_statements": 77, "percent_covered": 59.74025974025974, "percent_covered_display": "59.74", "missing_lines": 31, "excluded_lines": 0, "percent_statements_covered": 59.74025974025974, "percent_statements_covered_display": "59.74"}, "missing_lines": [101, 102, 103, 105, 106, 107, 108, 109, 110, 122, 123, 124, 125, 127, 129, 130, 133, 134, 135, 136, 141, 144, 147, 148, 150, 151, 227, 228, 229, 234, 235], "excluded_lines": []}}}, "src/utils/time_util.py": {"executed_lines": [1, 6, 7, 8, 9, 11, 14, 15, 18, 29, 30, 35, 36, 40, 41, 77, 78, 86, 87, 120, 121, 136, 137, 169, 170, 174, 175, 183, 190, 195, 200], "summary": {"covered_lines": 29, "num_statements": 94, "percent_covered": 30.851063829787233, "percent_covered_display": "30.85", "missing_lines": 65, "excluded_lines": 0, "percent_statements_covered": 30.851063829787233, "percent_statements_covered_display": "30.85"}, "missing_lines": [32, 33, 38, 53, 54, 56, 58, 59, 62, 63, 66, 67, 70, 72, 73, 75, 81, 82, 84, 91, 92, 93, 94, 97, 98, 101, 102, 104, 105, 106, 107, 108, 111, 112, 113, 114, 115, 116, 118, 131, 132, 134, 148, 149, 151, 154, 155, 157, 158, 159, 160, 161, 162, 163, 164, 165, 167, 172, 177, 178, 179, 187, 192, 197, 202], "excluded_lines": [], "functions": {"TimestampFormatter.get_display_format": {"executed_lines": [], "summary": {"covered_lines": 0, "num_statements": 2, "percent_covered": 0.0, "percent_covered_display": "0.00", "missing_lines": 2, "excluded_lines": 0, "percent_statements_covered": 0.0, "percent_statements_covered_display": "0.00"}, "missing_lines": [32, 33], "excluded_lines": []}, "TimestampFormatter.get_timezone": {"executed_lines": [], "summary": {"covered_lines": 0, "num_statements": 1, "percent_covered": 0.0, "percent_covered_display": "0.00", "missing_lines": 1, "excluded_lines": 0, "percent_statements_covered": 0.0, "percent_statements_covered_display": "0.00"}, "missing_lines": [38], "excluded_lines": []}, "TimestampFormatter.parse_device_timestamp": {"executed_lines": [], "summary": {"covered_lines": 0, "num_statements": 13, "percent_covered": 0.0, "percent_covered_display": "0.00", "missing_lines": 13, "excluded_lines": 0, "percent_statements_covered": 0.0, "percent_statements_covered_display": "0.00"}, "missing_lines": [53, 54, 56, 58, 59, 62, 63, 66, 67, 70, 72, 73, 75], "excluded_lines": []}, "TimestampFormatter._parse_epoch_timestamp": {"executed_lines": [], "summary": {"covered_lines": 0, "num_statements": 3, "percent_covered": 0.0, "percent_covered_display": "0.00", "missing_lines": 3, "excluded_lines": 0, "percent_statements_covered": 0.0, "percent_statements_covered_display": "0.00"}, "missing_lines": [81, 82, 84], "excluded_lines": []}, "TimestampFormatter._parse_iso_timestamp": {"executed_lines": [], "summary": {"covered_lines": 0, "num_statements": 20, "percent_covered": 0.0, "percent_covered_display": "0.00", "missing_lines": 20, "excluded_lines": 0, "percent_statements_covered": 0.0, "percent_statements_covered_display": "0.00"}, "missing_lines": [91, 92, 93, 94, 97, 98, 101, 102, 104, 105, 106, 107, 108, 111, 112, 113, 114, 115, 116, 118], "excluded_lines": []}, "TimestampFormatter.format_for_storage": {"executed_lines": [], "summary": {"covered_lines": 0, "num_statements": 3, "percent_covered": 0.0, "percent_covered_display": "0.00", "missing_lines": 3, "excluded_lines": 0, "percent_statements_covered": 0.0, "percent_statements_covered_display": "0.00"}, "missing_lines": [131, 132, 134], "excluded_lines": []}, "TimestampFormatter.format_for_display": {"executed_lines": [], "summary": {"covered_lines": 0, "num_statements": 15, "percent_covered": 0.0, "percent_covered_display": "0.00", "missing_lines": 15, "excluded_lines": 0, "percent_statements_covered": 0.0, "percent_statements_covered_display": "0.00"}, "missing_lines": [148, 149, 151, 154, 155, 157, 158, 159, 160, 161, 162, 163, 164, 165, 167], "excluded_lines": []}, "TimestampFormatter.get_current_utc": {"executed_lines": [], "summary": {"covered_lines": 0, "num_statements": 1, "percent_covered": 0.0, "percent_covered_display": "0.00", "missing_lines": 1, "excluded_lines": 0, "percent_statements_covered": 0.0, "percent_statements_covered_display": "0.00"}, "missing_lines": [172], "excluded_lines": []}, "TimestampFormatter.ensure_utc": {"executed_lines": [], "summary": {"covered_lines": 0, "num_statements": 3, "percent_covered": 0.0, "percent_covered_display": "0.00", "missing_lines": 3, "excluded_lines": 0, "percent_statements_covered": 0.0, "percent_statements_covered_display": "0.00"}, "missing_lines": [177, 178, 179], "excluded_lines": []}, "parse_device_timestamp": {"executed_lines": [], "summary": {"covered_lines": 0, "num_statements": 1, "percent_covered": 0.0, "percent_covered_display": "0.00", "missing_lines": 1, "excluded_lines": 0, "percent_statements_covered": 0.0, "percent_statements_covered_display": "0.00"}, "missing_lines": [187], "excluded_lines": []}, "format_timestamp_for_storage": {"executed_lines": [], "summary": {"covered_lines": 0, "num_statements": 1, "percent_covered": 0.0, "percent_covered_display": "0.00", "missing_lines": 1, "excluded_lines": 0, "percent_statements_covered": 0.0, "percent_statements_covered_display": "0.00"}, "missing_lines": [192], "excluded_lines": []}, "format_timestamp_for_display": {"executed_lines": [], "summary": {"covered_lines": 0, "num_statements": 1, "percent_covered": 0.0, "percent_covered_display": "0.00", "missing_lines": 1, "excluded_lines": 0, "percent_statements_covered": 0.0, "percent_statements_covered_display": "0.00"}, "missing_lines": [197], "excluded_lines": []}, "get_current_timestamp": {"executed_lines": [], "summary": {"covered_lines": 0, "num_statements": 1, "percent_covered": 0.0, "percent_covered_display": "0.00", "missing_lines": 1, "excluded_lines": 0, "percent_statements_covered": 0.0, "percent_statements_covered_display": "0.00"}, "missing_lines": [202], "excluded_lines": []}, "": {"executed_lines": [1, 6, 7, 8, 9, 11, 14, 15, 18, 29, 30, 35, 36, 40, 41, 77, 78, 86, 87, 120, 121, 136, 137, 169, 170, 174, 175, 183, 190, 195, 200], "summary": {"covered_lines": 29, "num_statements": 29, "percent_covered": 100.0, "percent_covered_display": "100.00", "missing_lines": 0, "excluded_lines": 0, "percent_statements_covered": 100.0, "percent_statements_covered_display": "100.00"}, "missing_lines": [], "excluded_lines": []}}, "classes": {"TimestampFormatter": {"executed_lines": [], "summary": {"covered_lines": 0, "num_statements": 61, "percent_covered": 0.0, "percent_covered_display": "0.00", "missing_lines": 61, "excluded_lines": 0, "percent_statements_covered": 0.0, "percent_statements_covered_display": "0.00"}, "missing_lines": [32, 33, 38, 53, 54, 56, 58, 59, 62, 63, 66, 67, 70, 72, 73, 75, 81, 82, 84, 91, 92, 93, 94, 97, 98, 101, 102, 104, 105, 106, 107, 108, 111, 112, 113, 114, 115, 116, 118, 131, 132, 134, 148, 149, 151, 154, 155, 157, 158, 159, 160, 161, 162, 163, 164, 165, 167, 172, 177, 178, 179], "excluded_lines": []}, "": {"executed_lines": [1, 6, 7, 8, 9, 11, 14, 15, 18, 29, 30, 35, 36, 40, 41, 77, 78, 86, 87, 120, 121, 136, 137, 169, 170, 174, 175, 183, 190, 195, 200], "summary": {"covered_lines": 29, "num_statements": 33, "percent_covered": 87.87878787878788, "percent_covered_display": "87.88", "missing_lines": 4, "excluded_lines": 0, "percent_statements_covered": 87.87878787878788, "percent_statements_covered_display": "87.88"}, "missing_lines": [187, 192, 197, 202], "excluded_lines": []}}}}, "totals": {"covered_lines": 1040, "num_statements": 3193, "percent_covered": 32.571249608518634, "percent_covered_display": "32.57", "missing_lines": 2153, "excluded_lines": 9, "percent_statements_covered": 32.571249608518634, "percent_statements_covered_display": "32.57"}}